::1 - - [10/Jul/2018:15:10:55 +0000] "GET / HTTP/1.1" 304 -
::1 - - [10/Jul/2018:15:14:40 +0000] "GET / HTTP/1.1" 304 -
::1 - - [10/Jul/2018:15:15:03 +0000] "GET / HTTP/1.1" 304 -
::1 - - [10/Jul/2018:15:18:36 +0000] "GET / HTTP/1.1" 304 -
::1 - - [10/Jul/2018:15:18:45 +0000] "GET / HTTP/1.1" 304 -
::1 - - [10/Jul/2018:15:18:50 +0000] "GET / HTTP/1.1" 304 -
::1 - - [10/Jul/2018:15:24:19 +0000] "GET /posts/add HTTP/1.1" 304 -
::1 - - [10/Jul/2018:16:47:14 +0000] "GET /posts/add HTTP/1.1" 304 -
::1 - - [10/Jul/2018:16:47:16 +0000] "GET / HTTP/1.1" 304 -
::1 - - [10/Jul/2018:16:47:18 +0000] "GET / HTTP/1.1" 304 -
::1 - - [10/Jul/2018:16:49:48 +0000] "GET / HTTP/1.1" 200 184
::1 - - [10/Jul/2018:16:50:09 +0000] "GET / HTTP/1.1" 200 218
::1 - - [10/Jul/2018:16:50:24 +0000] "GET / HTTP/1.1" 200 184
::1 - - [10/Jul/2018:16:58:33 +0000] "GET / HTTP/1.1" 304 -
::1 - - [10/Jul/2018:16:58:35 +0000] "GET / HTTP/1.1" 304 -
::1 - - [10/Jul/2018:16:58:42 +0000] "GET /posts/add HTTP/1.1" 500 2455
::1 - - [10/Jul/2018:17:01:24 +0000] "GET /posts/add HTTP/1.1" 200 547
::1 - - [10/Jul/2018:17:02:22 +0000] "GET /posts/add HTTP/1.1" 200 561
::1 - - [10/Jul/2018:17:03:26 +0000] "GET /posts/add HTTP/1.1" 200 619
::1 - - [10/Jul/2018:17:03:27 +0000] "POST /posts/add HTTP/1.1" 404 149
::1 - - [11/Jul/2018:03:39:30 +0000] "GET /posts/add HTTP/1.1" 304 -
::1 - - [11/Jul/2018:03:49:41 +0000] "GET /posts/add HTTP/1.1" 304 -
::1 - - [11/Jul/2018:03:50:00 +0000] "POST /posts/add HTTP/1.1" 404 149
::1 - - [11/Jul/2018:03:51:48 +0000] "GET /posts/add HTTP/1.1" 304 -
::1 - - [11/Jul/2018:03:52:57 +0000] "GET / HTTP/1.1" 304 -
::1 - - [11/Jul/2018:03:53:07 +0000] "GET / HTTP/1.1" 304 -
::1 - - [11/Jul/2018:03:53:13 +0000] "GET /posts/add HTTP/1.1" 304 -
::1 - - [11/Jul/2018:03:55:09 +0000] "GET /posts/add HTTP/1.1" 304 -
::1 - - [11/Jul/2018:03:56:44 +0000] "GET /posts/add HTTP/1.1" 200 511
::1 - - [11/Jul/2018:03:58:48 +0000] "POST /posts/add HTTP/1.1" - -
::1 - - [11/Jul/2018:04:02:55 +0000] "POST /posts/add HTTP/1.1" - -
::1 - - [11/Jul/2018:04:03:06 +0000] "GET /posts/add HTTP/1.1" 304 -
::1 - - [11/Jul/2018:04:05:55 +0000] "POST /posts/add HTTP/1.1" - -
::1 - - [11/Jul/2018:04:08:27 +0000] "GET /posts/add HTTP/1.1" 200 499
::1 - - [11/Jul/2018:04:10:34 +0000] "GET /posts/add HTTP/1.1" 200 469
::1 - - [11/Jul/2018:04:10:37 +0000] "POST /posts/add HTTP/1.1" 302 46
::1 - - [11/Jul/2018:04:10:38 +0000] "GET / HTTP/1.1" 200 184
::1 - - [11/Jul/2018:04:10:55 +0000] "GET / HTTP/1.1" 304 -
::1 - - [11/Jul/2018:04:11:03 +0000] "GET / HTTP/1.1" 304 -
::1 - - [11/Jul/2018:04:11:08 +0000] "GET /posts/add HTTP/1.1" 200 577
::1 - - [11/Jul/2018:04:14:39 +0000] "POST /posts/add HTTP/1.1" 302 46
::1 - - [11/Jul/2018:04:14:40 +0000] "GET / HTTP/1.1" 200 228
::1 - - [11/Jul/2018:04:15:38 +0000] "GET / HTTP/1.1" 200 168
::1 - - [11/Jul/2018:04:25:48 +0000] "GET / HTTP/1.1" 200 244
::1 - - [11/Jul/2018:04:25:48 +0000] "GET /bower_components/bootstrap/dist/bootsrap.css HTTP/1.1" 404 183
::1 - - [11/Jul/2018:04:26:14 +0000] "GET / HTTP/1.1" 200 248
::1 - - [11/Jul/2018:04:26:14 +0000] "GET /bower_components/bootstrap/dist/css/bootsrap.css HTTP/1.1" 404 187
::1 - - [11/Jul/2018:04:26:32 +0000] "GET / HTTP/1.1" 200 249
::1 - - [11/Jul/2018:04:28:50 +0000] "GET / HTTP/1.1" 200 278
::1 - - [11/Jul/2018:04:29:20 +0000] "GET / HTTP/1.1" 200 297
::1 - - [11/Jul/2018:04:29:26 +0000] "GET / HTTP/1.1" 304 -
::1 - - [11/Jul/2018:04:29:28 +0000] "GET / HTTP/1.1" 304 -
::1 - - [11/Jul/2018:04:29:30 +0000] "GET / HTTP/1.1" 304 -
::1 - - [11/Jul/2018:04:29:40 +0000] "GET /posts/add HTTP/1.1" 200 687
::1 - - [11/Jul/2018:04:30:15 +0000] "GET /posts/add HTTP/1.1" 200 708
::1 - - [11/Jul/2018:04:30:19 +0000] "GET /posts/add HTTP/1.1" 304 -
::1 - - [11/Jul/2018:04:30:25 +0000] "GET /posts/add HTTP/1.1" 304 -
::1 - - [11/Jul/2018:04:30:47 +0000] "GET /posts/add HTTP/1.1" 200 691
::1 - - [11/Jul/2018:04:30:59 +0000] "GET /posts/add HTTP/1.1" 304 -
::1 - - [11/Jul/2018:04:31:13 +0000] "GET / HTTP/1.1" 304 -
::1 - - [11/Jul/2018:04:32:22 +0000] "GET /posts/add HTTP/1.1" 304 -
::1 - - [11/Jul/2018:04:32:33 +0000] "POST /posts/add HTTP/1.1" 302 46
::1 - - [11/Jul/2018:04:32:35 +0000] "GET / HTTP/1.1" 200 326
::1 - - [11/Jul/2018:04:32:46 +0000] "GET / HTTP/1.1" 200 336
::1 - - [11/Jul/2018:04:33:35 +0000] "GET / HTTP/1.1" 200 337
::1 - - [11/Jul/2018:04:33:43 +0000] "GET / HTTP/1.1" 200 347
::1 - - [11/Jul/2018:04:34:08 +0000] "GET / HTTP/1.1" 200 328
::1 - - [11/Jul/2018:04:34:54 +0000] "GET / HTTP/1.1" 200 373
::1 - - [11/Jul/2018:04:35:02 +0000] "GET / HTTP/1.1" 200 371
::1 - - [11/Jul/2018:04:35:14 +0000] "GET / HTTP/1.1" 200 386
::1 - - [11/Jul/2018:04:35:21 +0000] "GET / HTTP/1.1" 200 386
::1 - - [11/Jul/2018:04:35:40 +0000] "GET / HTTP/1.1" 200 388
::1 - - [11/Jul/2018:04:35:42 +0000] "GET / HTTP/1.1" 304 -
::1 - - [11/Jul/2018:04:35:42 +0000] "GET / HTTP/1.1" 304 -
::1 - - [11/Jul/2018:04:35:43 +0000] "GET / HTTP/1.1" 304 -
::1 - - [11/Jul/2018:04:36:14 +0000] "GET / HTTP/1.1" 200 386
::1 - - [11/Jul/2018:04:36:16 +0000] "GET / HTTP/1.1" 304 -
::1 - - [11/Jul/2018:04:38:07 +0000] "GET / HTTP/1.1" 200 392
::1 - - [11/Jul/2018:04:38:24 +0000] "GET / HTTP/1.1" 200 388
::1 - - [11/Jul/2018:04:41:05 +0000] "GET / HTTP/1.1" 200 417
::1 - - [11/Jul/2018:04:41:56 +0000] "GET / HTTP/1.1" 200 278
::1 - - [11/Jul/2018:04:42:01 +0000] "GET /posts/add HTTP/1.1" 200 794
::1 - - [11/Jul/2018:04:42:59 +0000] "POST /posts/add HTTP/1.1" 302 46
::1 - - [11/Jul/2018:04:43:00 +0000] "GET / HTTP/1.1" 200 424
::1 - - [11/Jul/2018:04:43:38 +0000] "GET / HTTP/1.1" 500 2509
::1 - - [11/Jul/2018:04:44:00 +0000] "GET / HTTP/1.1" 200 424
::1 - - [11/Jul/2018:04:44:49 +0000] "GET / HTTP/1.1" 500 2498
::1 - - [11/Jul/2018:04:45:08 +0000] "GET / HTTP/1.1" 500 2590
::1 - - [11/Jul/2018:04:45:29 +0000] "GET / HTTP/1.1" 200 424
::1 - - [11/Jul/2018:04:46:09 +0000] "GET / HTTP/1.1" 200 420
::1 - - [11/Jul/2018:04:46:21 +0000] "GET / HTTP/1.1" 200 420
::1 - - [11/Jul/2018:04:46:32 +0000] "GET / HTTP/1.1" 200 418
::1 - - [11/Jul/2018:04:49:52 +0000] "GET / HTTP/1.1" 200 1760
::1 - - [11/Jul/2018:04:50:01 +0000] "GET / HTTP/1.1" 200 1760
::1 - - [11/Jul/2018:04:51:22 +0000] "GET / HTTP/1.1" 200 1188
::1 - - [11/Jul/2018:04:51:50 +0000] "GET / HTTP/1.1" 200 1183
::1 - - [11/Jul/2018:04:52:09 +0000] "GET / HTTP/1.1" 200 1187
::1 - - [11/Jul/2018:04:52:27 +0000] "GET / HTTP/1.1" 200 1191
::1 - - [11/Jul/2018:04:54:33 +0000] "GET / HTTP/1.1" 200 1196
::1 - - [11/Jul/2018:05:03:53 +0000] "GET / HTTP/1.1" 200 1547
::1 - - [11/Jul/2018:05:03:53 +0000] "GET /bower_components/jquery/dist/jquery.js HTTP/1.1" 404 177
::1 - - [11/Jul/2018:05:03:53 +0000] "GET /js/main.js HTTP/1.1" 404 149
::1 - - [11/Jul/2018:05:03:53 +0000] "GET /js/main.js HTTP/1.1" 404 149
::1 - - [11/Jul/2018:05:04:47 +0000] "GET / HTTP/1.1" 200 1555
::1 - - [11/Jul/2018:05:04:47 +0000] "GET /bower_components/jquery/dist/jquery.js HTTP/1.1" 404 177
::1 - - [11/Jul/2018:05:04:47 +0000] "GET /js/main.js HTTP/1.1" 404 149
::1 - - [11/Jul/2018:05:04:47 +0000] "GET /js/main.js HTTP/1.1" 404 149
::1 - - [11/Jul/2018:05:07:43 +0000] "GET / HTTP/1.1" 200 1370
::1 - - [11/Jul/2018:05:07:43 +0000] "GET /bower_components/jquery/dist/jquery.js HTTP/1.1" 404 177
::1 - - [11/Jul/2018:05:07:43 +0000] "GET /js/main.js HTTP/1.1" 404 149
::1 - - [11/Jul/2018:05:07:43 +0000] "GET /js/main.js HTTP/1.1" 404 149
::1 - - [11/Jul/2018:05:18:53 +0000] "GET / HTTP/1.1" 304 -
::1 - - [11/Jul/2018:05:18:53 +0000] "GET /bower_components/jquery/dist/jquery.js HTTP/1.1" 404 177
::1 - - [11/Jul/2018:05:18:53 +0000] "GET /js/main.js HTTP/1.1" 404 149
::1 - - [11/Jul/2018:05:18:53 +0000] "GET /js/main.js HTTP/1.1" 404 149
::1 - - [11/Jul/2018:05:19:19 +0000] "GET / HTTP/1.1" 200 1555
::1 - - [11/Jul/2018:05:19:19 +0000] "GET /js/main.js HTTP/1.1" 404 149
::1 - - [11/Jul/2018:05:19:19 +0000] "GET /bower_components/jquery/dist/jquery.js HTTP/1.1" 404 177
::1 - - [11/Jul/2018:05:19:19 +0000] "GET /js/main.js HTTP/1.1" 404 149
::1 - - [11/Jul/2018:05:19:22 +0000] "GET /post/edit5b458ad3aa2da13734c1ce88 HTTP/1.1" 404 172
::1 - - [11/Jul/2018:05:19:35 +0000] "GET /post/edit5b458ad3aa2da13734c1ce88 HTTP/1.1" 404 172
::1 - - [11/Jul/2018:05:19:38 +0000] "GET /post/edit5b458ad3aa2da13734c1ce88 HTTP/1.1" 404 172
::1 - - [11/Jul/2018:05:19:40 +0000] "GET /post/edit5b458ad3aa2da13734c1ce88 HTTP/1.1" 404 172
::1 - - [11/Jul/2018:05:19:50 +0000] "GET /post/edit5b458ad3aa2da13734c1ce88 HTTP/1.1" 404 172
::1 - - [11/Jul/2018:05:19:51 +0000] "GET /post/edit5b458ad3aa2da13734c1ce88 HTTP/1.1" 404 172
::1 - - [11/Jul/2018:05:20:18 +0000] "GET /post/edit5b458ad3aa2da13734c1ce88 HTTP/1.1" 404 172
::1 - - [11/Jul/2018:05:21:11 +0000] "GET /post/edit5b458ad3aa2da13734c1ce88 HTTP/1.1" 404 172
::1 - - [11/Jul/2018:05:22:29 +0000] "GET /post/edit5b458ad3aa2da13734c1ce88 HTTP/1.1" 404 172
::1 - - [11/Jul/2018:05:22:38 +0000] "GET /posts/edit/5b458ad3aa2da13734c1ce88 HTTP/1.1" 500 2328
::1 - - [11/Jul/2018:05:23:19 +0000] "GET /posts/edit/5b458ad3aa2da13734c1ce88 HTTP/1.1" 200 1704
::1 - - [11/Jul/2018:05:23:19 +0000] "GET /bower_components/jquery/dist/jquery.js HTTP/1.1" 404 177
::1 - - [11/Jul/2018:05:23:19 +0000] "GET /js/main.js HTTP/1.1" 404 149
::1 - - [11/Jul/2018:05:23:19 +0000] "GET /js/main.js HTTP/1.1" 404 149
::1 - - [11/Jul/2018:05:23:30 +0000] "GET /posts/edit/5b458ad3aa2da13734c1ce88?title=Post+01&author=Raneesh+Gomez&description=This+is+post+one HTTP/1.1" 200 1704
::1 - - [11/Jul/2018:05:23:30 +0000] "GET /bower_components/jquery/dist/jquery.js HTTP/1.1" 404 177
::1 - - [11/Jul/2018:05:23:30 +0000] "GET /js/main.js HTTP/1.1" 404 149
::1 - - [11/Jul/2018:05:23:30 +0000] "GET /js/main.js HTTP/1.1" 404 149
::1 - - [11/Jul/2018:05:23:34 +0000] "GET / HTTP/1.1" 200 1576
::1 - - [11/Jul/2018:05:23:34 +0000] "GET /bower_components/jquery/dist/jquery.js HTTP/1.1" 404 177
::1 - - [11/Jul/2018:05:23:34 +0000] "GET /js/main.js HTTP/1.1" 404 149
::1 - - [11/Jul/2018:05:23:34 +0000] "GET /js/main.js HTTP/1.1" 404 149
::1 - - [11/Jul/2018:05:24:01 +0000] "GET / HTTP/1.1" 200 1557
::1 - - [11/Jul/2018:05:24:01 +0000] "GET /bower_components/jquery/dist/jquery.js HTTP/1.1" 404 177
::1 - - [11/Jul/2018:05:24:01 +0000] "GET /js/main.js HTTP/1.1" 404 149
::1 - - [11/Jul/2018:05:24:01 +0000] "GET /js/main.js HTTP/1.1" 404 149
::1 - - [11/Jul/2018:05:24:27 +0000] "GET /posts/edit/5b458ad3aa2da13734c1ce88 HTTP/1.1" 304 -
::1 - - [11/Jul/2018:05:24:27 +0000] "GET /bower_components/jquery/dist/jquery.js HTTP/1.1" 404 177
::1 - - [11/Jul/2018:05:24:27 +0000] "GET /js/main.js HTTP/1.1" 404 149
::1 - - [11/Jul/2018:05:24:27 +0000] "GET /js/main.js HTTP/1.1" 404 149
::1 - - [11/Jul/2018:05:24:39 +0000] "GET /posts/edit/5b458ad3aa2da13734c1ce88?title=Post+01&author=Raneesh+Gomez&description=This+is+post+one HTTP/1.1" 304 -
::1 - - [11/Jul/2018:05:24:39 +0000] "GET /bower_components/jquery/dist/jquery.js HTTP/1.1" 404 177
::1 - - [11/Jul/2018:05:24:39 +0000] "GET /js/main.js HTTP/1.1" 404 149
::1 - - [11/Jul/2018:05:24:39 +0000] "GET /js/main.js HTTP/1.1" 404 149
::1 - - [11/Jul/2018:05:25:05 +0000] "GET /posts/edit/5b458ad3aa2da13734c1ce88?title=Post+01&author=Raneesh+Gomez&description=This+is+post+one HTTP/1.1" 304 -
::1 - - [11/Jul/2018:05:25:05 +0000] "GET /bower_components/jquery/dist/jquery.js HTTP/1.1" 404 177
::1 - - [11/Jul/2018:05:25:05 +0000] "GET /js/main.js HTTP/1.1" 404 149
::1 - - [11/Jul/2018:05:25:05 +0000] "GET /js/main.js HTTP/1.1" 404 149
::1 - - [11/Jul/2018:05:25:08 +0000] "GET /posts/edit/5b458ad3aa2da13734c1ce88?title=Post+01&author=Raneesh+Gomez&description=This+is+post+one HTTP/1.1" 304 -
::1 - - [11/Jul/2018:05:25:08 +0000] "GET /bower_components/jquery/dist/jquery.js HTTP/1.1" 404 177
::1 - - [11/Jul/2018:05:25:08 +0000] "GET /js/main.js HTTP/1.1" 404 149
::1 - - [11/Jul/2018:05:25:08 +0000] "GET /js/main.js HTTP/1.1" 404 149
::1 - - [11/Jul/2018:05:25:34 +0000] "GET / HTTP/1.1" 304 -
::1 - - [11/Jul/2018:05:25:34 +0000] "GET /bower_components/jquery/dist/jquery.js HTTP/1.1" 404 177
::1 - - [11/Jul/2018:05:25:34 +0000] "GET /js/main.js HTTP/1.1" 404 149
::1 - - [11/Jul/2018:05:25:34 +0000] "GET /js/main.js HTTP/1.1" 404 149
::1 - - [11/Jul/2018:05:25:37 +0000] "GET /posts/edit/5b458ad3aa2da13734c1ce88 HTTP/1.1" 304 -
::1 - - [11/Jul/2018:05:25:37 +0000] "GET /bower_components/jquery/dist/jquery.js HTTP/1.1" 404 177
::1 - - [11/Jul/2018:05:25:37 +0000] "GET /js/main.js HTTP/1.1" 404 149
::1 - - [11/Jul/2018:05:25:37 +0000] "GET /js/main.js HTTP/1.1" 404 149
::1 - - [11/Jul/2018:05:27:40 +0000] "GET /posts/edit/5b458ad3aa2da13734c1ce88 HTTP/1.1" 304 -
::1 - - [11/Jul/2018:05:27:40 +0000] "GET /bower_components/jquery/dist/jquery.js HTTP/1.1" 404 177
::1 - - [11/Jul/2018:05:27:40 +0000] "GET /js/main.js HTTP/1.1" 404 149
::1 - - [11/Jul/2018:05:27:40 +0000] "GET /js/main.js HTTP/1.1" 404 149
::1 - - [11/Jul/2018:05:27:43 +0000] "GET /posts/edit/5b458ad3aa2da13734c1ce88?title=Post+01&author=Raneesh+Gomez&description=This+is+post+one HTTP/1.1" 304 -
::1 - - [11/Jul/2018:05:27:43 +0000] "GET /bower_components/jquery/dist/jquery.js HTTP/1.1" 404 177
::1 - - [11/Jul/2018:05:27:43 +0000] "GET /js/main.js HTTP/1.1" 404 149
::1 - - [11/Jul/2018:05:27:43 +0000] "GET /js/main.js HTTP/1.1" 404 149
::1 - - [11/Jul/2018:05:27:48 +0000] "GET / HTTP/1.1" 304 -
::1 - - [11/Jul/2018:05:27:48 +0000] "GET /bower_components/jquery/dist/jquery.js HTTP/1.1" 404 177
::1 - - [11/Jul/2018:05:27:48 +0000] "GET /js/main.js HTTP/1.1" 404 149
::1 - - [11/Jul/2018:05:27:48 +0000] "GET /js/main.js HTTP/1.1" 404 149
::1 - - [11/Jul/2018:05:27:49 +0000] "GET /posts/edit/5b458ad3aa2da13734c1ce88 HTTP/1.1" 304 -
::1 - - [11/Jul/2018:05:27:49 +0000] "GET /bower_components/jquery/dist/jquery.js HTTP/1.1" 404 177
::1 - - [11/Jul/2018:05:27:49 +0000] "GET /js/main.js HTTP/1.1" 404 149
::1 - - [11/Jul/2018:05:27:49 +0000] "GET /js/main.js HTTP/1.1" 404 149
::1 - - [11/Jul/2018:05:32:33 +0000] "GET /posts/edit/5b458ad3aa2da13734c1ce88 HTTP/1.1" 200 1753
::1 - - [11/Jul/2018:05:32:34 +0000] "GET /bower_components/jquery/dist/jquery.js HTTP/1.1" 404 177
::1 - - [11/Jul/2018:05:32:34 +0000] "GET /js/main.js HTTP/1.1" 404 149
::1 - - [11/Jul/2018:05:32:34 +0000] "GET /js/main.js HTTP/1.1" 404 149
::1 - - [11/Jul/2018:05:32:37 +0000] "POST /posts/edit/5b458ad3aa2da13734c1ce88 HTTP/1.1" 404 175
::1 - - [11/Jul/2018:05:45:28 +0000] "GET /posts/edit/5b458ad3aa2da13734c1ce88 HTTP/1.1" 200 1705
::1 - - [11/Jul/2018:05:45:28 +0000] "GET /bower_components/jquery/dist/jquery.js HTTP/1.1" 404 177
::1 - - [11/Jul/2018:05:45:28 +0000] "GET /js/main.js HTTP/1.1" 404 149
::1 - - [11/Jul/2018:05:45:31 +0000] "POST /posts/edit/5b458ad3aa2da13734c1ce88 HTTP/1.1" 500 1958
::1 - - [11/Jul/2018:05:45:50 +0000] "POST /posts/edit/5b458ad3aa2da13734c1ce88 HTTP/1.1" 302 46
::1 - - [11/Jul/2018:05:45:51 +0000] "GET / HTTP/1.1" 200 1563
::1 - - [11/Jul/2018:05:45:51 +0000] "GET /bower_components/jquery/dist/jquery.js HTTP/1.1" 404 177
::1 - - [11/Jul/2018:05:45:51 +0000] "GET /js/main.js HTTP/1.1" 404 149
::1 - - [11/Jul/2018:05:45:51 +0000] "GET /js/main.js HTTP/1.1" 404 149
::1 - - [11/Jul/2018:05:51:25 +0000] "GET /posts/add HTTP/1.1" 200 1738
::1 - - [11/Jul/2018:05:51:25 +0000] "GET /bower_components/jquery/dist/jquery.js HTTP/1.1" 404 177
::1 - - [11/Jul/2018:05:51:25 +0000] "GET /js/main.js HTTP/1.1" 404 149
::1 - - [11/Jul/2018:05:51:26 +0000] "GET /js/main.js HTTP/1.1" 404 149
::1 - - [11/Jul/2018:05:51:39 +0000] "POST /posts/add HTTP/1.1" 302 46
::1 - - [11/Jul/2018:05:51:40 +0000] "GET / HTTP/1.1" 200 1900
::1 - - [11/Jul/2018:05:51:40 +0000] "GET /bower_components/jquery/dist/jquery.js HTTP/1.1" 404 177
::1 - - [11/Jul/2018:05:51:40 +0000] "GET /js/main.js HTTP/1.1" 404 149
::1 - - [11/Jul/2018:05:51:40 +0000] "GET /js/main.js HTTP/1.1" 404 149
::1 - - [11/Jul/2018:05:51:54 +0000] "GET / HTTP/1.1" 200 1908
::1 - - [11/Jul/2018:05:51:54 +0000] "GET /bower_components/jquery/dist/jquery.js HTTP/1.1" 404 177
::1 - - [11/Jul/2018:05:51:54 +0000] "GET /js/main.js HTTP/1.1" 404 149
::1 - - [11/Jul/2018:05:52:01 +0000] "GET / HTTP/1.1" 200 1908
::1 - - [11/Jul/2018:05:52:01 +0000] "GET /bower_components/jquery/dist/jquery.js HTTP/1.1" 404 177
::1 - - [11/Jul/2018:05:52:01 +0000] "GET /js/main.js HTTP/1.1" 404 149
::1 - - [11/Jul/2018:05:52:01 +0000] "GET /js/main.js HTTP/1.1" 404 149
::1 - - [11/Jul/2018:05:59:07 +0000] "GET / HTTP/1.1" 200 1947
::1 - - [11/Jul/2018:05:59:07 +0000] "GET /bower_components/jquery/dist/jquery.js HTTP/1.1" 404 177
::1 - - [11/Jul/2018:06:10:34 +0000] "GET / HTTP/1.1" 304 -
::1 - - [11/Jul/2018:06:10:36 +0000] "DELETE /posts/5b459aeb860fd8257c3af166 HTTP/1.1" 500 1959
::1 - - [11/Jul/2018:06:10:38 +0000] "DELETE /posts/5b459aeb860fd8257c3af166 HTTP/1.1" 500 1959
::1 - - [11/Jul/2018:06:10:40 +0000] "DELETE /posts/5b459aeb860fd8257c3af166 HTTP/1.1" 500 1959
::1 - - [11/Jul/2018:06:11:40 +0000] "DELETE /posts/5b459aeb860fd8257c3af166 HTTP/1.1" 500 1959
::1 - - [11/Jul/2018:06:12:21 +0000] "DELETE /posts/5b458ad3aa2da13734c1ce88 HTTP/1.1" 500 1959
::1 - - [11/Jul/2018:06:16:08 +0000] "GET / HTTP/1.1" 304 -
::1 - - [11/Jul/2018:06:16:11 +0000] "DELETE /posts/5b459aeb860fd8257c3af166 HTTP/1.1" 200 20
::1 - - [11/Jul/2018:06:16:13 +0000] "GET / HTTP/1.1" 200 1609
::1 - - [11/Jul/2018:07:30:10 +0000] "GET /posts/add HTTP/1.1" 200 1783
::1 - - [11/Jul/2018:07:30:17 +0000] "GET /posts/add HTTP/1.1" 200 1783
::1 - - [11/Jul/2018:07:30:18 +0000] "GET /favicon.ico HTTP/1.1" 404 150
::1 - - [11/Jul/2018:07:30:19 +0000] "GET /posts/add HTTP/1.1" 200 1783
::1 - - [11/Jul/2018:07:30:19 +0000] "GET /favicon.ico HTTP/1.1" 404 150
::1 - - [11/Jul/2018:07:32:32 +0000] "POST /posts/add HTTP/1.1" - -
::1 - - [11/Jul/2018:07:39:09 +0000] "POST /posts/add HTTP/1.1" 302 46
::1 - - [11/Jul/2018:07:39:11 +0000] "GET / HTTP/1.1" 200 2024
::1 - - [11/Jul/2018:07:48:38 +0000] "GET / HTTP/1.1" 200 1947
::1 - - [11/Jul/2018:07:48:46 +0000] "GET / HTTP/1.1" 304 -
::1 - - [11/Jul/2018:07:48:54 +0000] "GET /posts/add HTTP/1.1" 200 1783
::1 - - [11/Jul/2018:07:48:58 +0000] "POST /posts/add HTTP/1.1" 200 1955
::1 - - [11/Jul/2018:08:01:40 +0000] "GET /posts/add HTTP/1.1" 404 148
::1 - - [11/Jul/2018:08:01:56 +0000] "GET / HTTP/1.1" 304 -
::1 - - [11/Jul/2018:08:02:04 +0000] "DELETE /posts/5b45b41d5a45c537d0d11ecd HTTP/1.1" 404 172
::1 - - [11/Jul/2018:08:02:06 +0000] "DELETE /posts/5b45b41d5a45c537d0d11ecd HTTP/1.1" 404 172
::1 - - [11/Jul/2018:08:02:16 +0000] "DELETE /posts/5b45b41d5a45c537d0d11ecd HTTP/1.1" 404 172
::1 - - [11/Jul/2018:08:04:28 +0000] "GET /posts/add HTTP/1.1" 404 148
::1 - - [11/Jul/2018:08:05:20 +0000] "GET /posts/add HTTP/1.1" 404 148
::1 - - [11/Jul/2018:08:06:06 +0000] "GET /posts/add HTTP/1.1" 404 148
::1 - - [11/Jul/2018:08:06:09 +0000] "GET /posts/add HTTP/1.1" 404 148
::1 - - [11/Jul/2018:08:11:38 +0000] "GET /posts/add HTTP/1.1" 404 148
::1 - - [11/Jul/2018:08:11:40 +0000] "GET /posts/add HTTP/1.1" 404 148
::1 - - [11/Jul/2018:08:11:46 +0000] "GET /posts/add HTTP/1.1" 404 148
::1 - - [11/Jul/2018:08:11:46 +0000] "GET /posts/add HTTP/1.1" 404 148
::1 - - [11/Jul/2018:08:11:47 +0000] "GET /posts/add HTTP/1.1" 404 148
::1 - - [11/Jul/2018:08:11:47 +0000] "GET /posts/add HTTP/1.1" 404 148
::1 - - [11/Jul/2018:08:11:47 +0000] "GET /posts/add HTTP/1.1" 404 148
::1 - - [11/Jul/2018:08:11:50 +0000] "GET /posts/add HTTP/1.1" 404 148
::1 - - [11/Jul/2018:08:13:11 +0000] "GET /posts/add HTTP/1.1" 404 148
::1 - - [11/Jul/2018:08:13:15 +0000] "GET /posts/add HTTP/1.1" 404 148
::1 - - [11/Jul/2018:08:16:15 +0000] "GET /posts/add HTTP/1.1" 200 1783
::1 - - [11/Jul/2018:08:38:11 +0000] "GET /posts/add HTTP/1.1" 304 -
::1 - - [11/Jul/2018:08:38:22 +0000] "POST /posts/add HTTP/1.1" 302 46
::1 - - [11/Jul/2018:08:38:22 +0000] "GET / HTTP/1.1" 200 2347
::1 - - [11/Jul/2018:08:38:26 +0000] "GET /posts/edit/5b45c1fd559f620aa8595b47 HTTP/1.1" 200 1741
::1 - - [11/Jul/2018:08:38:30 +0000] "POST /posts/edit/5b45c1fd559f620aa8595b47 HTTP/1.1" 302 46
::1 - - [11/Jul/2018:08:38:30 +0000] "GET / HTTP/1.1" 200 2350
::1 - - [11/Jul/2018:08:38:33 +0000] "DELETE /posts/5b45c1fd559f620aa8595b47 HTTP/1.1" 200 20
::1 - - [11/Jul/2018:08:38:44 +0000] "DELETE /posts/5b45c1fd559f620aa8595b47 HTTP/1.1" 200 20
::1 - - [11/Jul/2018:08:41:41 +0000] "DELETE /posts/5b45c1fd559f620aa8595b47 HTTP/1.1" 200 20
::1 - - [11/Jul/2018:08:42:06 +0000] "GET / HTTP/1.1" 200 1947
::1 - - [11/Jul/2018:08:42:28 +0000] "GET / HTTP/1.1" 304 -
::1 - - [11/Jul/2018:08:42:29 +0000] "GET / HTTP/1.1" 304 -
::1 - - [11/Jul/2018:08:42:38 +0000] "GET / HTTP/1.1" 304 -
::1 - - [11/Jul/2018:08:42:48 +0000] "GET / HTTP/1.1" 304 -
::1 - - [11/Jul/2018:08:42:53 +0000] "GET /posts/add HTTP/1.1" 200 1783
::1 - - [11/Jul/2018:08:43:05 +0000] "POST /posts/add HTTP/1.1" 302 46
::1 - - [11/Jul/2018:08:43:05 +0000] "GET / HTTP/1.1" 200 2337
::1 - - [11/Jul/2018:08:43:08 +0000] "GET /posts/edit/5b45c31940e72b20e4c51aed HTTP/1.1" 200 1731
::1 - - [11/Jul/2018:08:43:11 +0000] "POST /posts/edit/5b45c31940e72b20e4c51aed HTTP/1.1" 302 46
::1 - - [11/Jul/2018:08:43:11 +0000] "GET / HTTP/1.1" 200 2340
::1 - - [11/Jul/2018:08:43:13 +0000] "DELETE /posts/5b45c31940e72b20e4c51aed HTTP/1.1" 200 20
::1 - - [11/Jul/2018:08:43:17 +0000] "GET / HTTP/1.1" 200 1947
::1 - - [11/Jul/2018:08:48:07 +0000] "GET / HTTP/1.1" 200 1947
::1 - - [11/Jul/2018:08:48:07 +0000] "GET /favicon.ico HTTP/1.1" 404 150
::1 - - [11/Jul/2018:08:50:14 +0000] "GET / HTTP/1.1" 200 2007
::1 - - [11/Jul/2018:08:50:33 +0000] "GET / HTTP/1.1" 200 1967
::1 - - [11/Jul/2018:08:50:58 +0000] "GET / HTTP/1.1" 200 1947
::1 - - [11/Jul/2018:08:51:44 +0000] "GET / HTTP/1.1" 200 1985
::1 - - [11/Jul/2018:08:51:56 +0000] "GET / HTTP/1.1" 200 1985
::1 - - [11/Jul/2018:08:52:06 +0000] "GET / HTTP/1.1" 200 1993
::1 - - [11/Jul/2018:08:58:15 +0000] "GET / HTTP/1.1" 304 -
::1 - - [11/Jul/2018:08:58:26 +0000] "GET /posts/add HTTP/1.1" 200 1783
::1 - - [11/Jul/2018:08:58:34 +0000] "POST /posts/add HTTP/1.1" 302 46
::1 - - [11/Jul/2018:08:58:34 +0000] "GET / HTTP/1.1" 200 2408
::1 - - [11/Jul/2018:09:05:38 +0000] "GET / HTTP/1.1" 200 2331
::1 - - [11/Jul/2018:09:15:02 +0000] "GET / HTTP/1.1" 200 2331
::1 - - [11/Jul/2018:09:15:06 +0000] "GET / HTTP/1.1" 304 -
::1 - - [11/Jul/2018:09:15:31 +0000] "DELETE /posts/5b45c6b9c8acab26bc9eb71b HTTP/1.1" 200 20
::1 - - [11/Jul/2018:09:15:36 +0000] "GET / HTTP/1.1" 200 1993
::1 - - [11/Jul/2018:09:29:31 +0000] "GET / HTTP/1.1" 200 1993
::1 - - [11/Jul/2018:09:29:31 +0000] "GET /favicon.ico HTTP/1.1" 404 150
::1 - - [11/Jul/2018:09:51:44 +0000] "DELETE /posts/5b45b41d5a45c537d0d11ecd HTTP/1.1" 200 20
::1 - - [11/Jul/2018:09:51:45 +0000] "GET / HTTP/1.1" 200 1632
::1 - - [11/Jul/2018:11:37:16 +0000] "GET /users/register HTTP/1.1" 200 1908
::1 - - [11/Jul/2018:11:37:24 +0000] "GET /users/register HTTP/1.1" 304 -
::1 - - [11/Jul/2018:11:37:26 +0000] "GET /users/register HTTP/1.1" 304 -
::1 - - [11/Jul/2018:11:37:26 +0000] "GET /users/register HTTP/1.1" 304 -
::1 - - [12/Jul/2018:02:52:37 +0000] "GET /users/register HTTP/1.1" 304 -
::1 - - [12/Jul/2018:02:52:37 +0000] "GET /favicon.ico HTTP/1.1" 404 150
::1 - - [12/Jul/2018:02:53:03 +0000] "POST /users/register HTTP/1.1" 302 68
::1 - - [12/Jul/2018:02:53:04 +0000] "GET /users/login HTTP/1.1" 200 1689
::1 - - [12/Jul/2018:02:55:59 +0000] "GET /users/register HTTP/1.1" 200 1908
::1 - - [12/Jul/2018:02:56:12 +0000] "POST /users/register HTTP/1.1" 200 1986
::1 - - [12/Jul/2018:02:56:31 +0000] "POST /users/register HTTP/1.1" 302 68
::1 - - [12/Jul/2018:02:56:31 +0000] "GET /users/login HTTP/1.1" 304 -
::1 - - [12/Jul/2018:03:35:57 +0000] "GET /users/login HTTP/1.1" 200 1585
::1 - - [12/Jul/2018:03:36:03 +0000] "POST /users/login HTTP/1.1" 302 68
::1 - - [12/Jul/2018:03:36:03 +0000] "GET /users/login HTTP/1.1" 200 1682
::1 - - [12/Jul/2018:03:36:11 +0000] "POST /users/login HTTP/1.1" 302 68
::1 - - [12/Jul/2018:03:36:11 +0000] "GET /users/login HTTP/1.1" 200 1666
::1 - - [12/Jul/2018:03:36:15 +0000] "POST /users/login HTTP/1.1" 302 68
::1 - - [12/Jul/2018:03:36:15 +0000] "GET /users/login HTTP/1.1" 200 1669
::1 - - [12/Jul/2018:03:38:39 +0000] "GET /users/login HTTP/1.1" 200 1582
::1 - - [12/Jul/2018:03:38:41 +0000] "POST /users/login HTTP/1.1" 302 68
::1 - - [12/Jul/2018:03:38:41 +0000] "GET /users/login HTTP/1.1" 200 1666
::1 - - [12/Jul/2018:03:43:16 +0000] "GET /users/login HTTP/1.1" 500 2132
::1 - - [12/Jul/2018:03:43:39 +0000] "GET /users/login HTTP/1.1" 200 1582
::1 - - [12/Jul/2018:03:43:46 +0000] "POST /users/login HTTP/1.1" 302 46
::1 - - [12/Jul/2018:03:43:46 +0000] "GET / HTTP/1.1" 200 1705
::1 - - [12/Jul/2018:03:44:31 +0000] "GET / HTTP/1.1" 200 1630
::1 - - [12/Jul/2018:03:44:34 +0000] "GET /users/logout HTTP/1.1" 302 68
::1 - - [12/Jul/2018:03:44:34 +0000] "GET /users/login HTTP/1.1" 200 1673
::1 - - [12/Jul/2018:03:44:40 +0000] "POST /users/login HTTP/1.1" 302 46
::1 - - [12/Jul/2018:03:44:41 +0000] "GET / HTTP/1.1" 200 1705
::1 - - [12/Jul/2018:03:59:38 +0000] "GET / HTTP/1.1" 200 1448
::1 - - [12/Jul/2018:03:59:43 +0000] "GET /users/login HTTP/1.1" 200 1582
::1 - - [12/Jul/2018:03:59:48 +0000] "POST /users/login HTTP/1.1" 302 46
::1 - - [12/Jul/2018:03:59:49 +0000] "GET / HTTP/1.1" 200 1705
::1 - - [12/Jul/2018:03:59:54 +0000] "GET /articles HTTP/1.1" 404 147
::1 - - [12/Jul/2018:04:02:33 +0000] "GET /articles HTTP/1.1" 404 147
::1 - - [12/Jul/2018:04:02:35 +0000] "GET /articles HTTP/1.1" 404 147
::1 - - [12/Jul/2018:04:02:36 +0000] "GET /articles HTTP/1.1" 404 147
::1 - - [12/Jul/2018:04:02:59 +0000] "GET / HTTP/1.1" 200 1448
::1 - - [12/Jul/2018:04:03:01 +0000] "GET /users/login HTTP/1.1" 200 1582
::1 - - [12/Jul/2018:04:03:07 +0000] "POST /users/login HTTP/1.1" 302 46
::1 - - [12/Jul/2018:04:03:08 +0000] "GET / HTTP/1.1" 200 1706
::1 - - [12/Jul/2018:04:03:09 +0000] "GET /posts/add HTTP/1.1" 200 1679
::1 - - [12/Jul/2018:04:03:17 +0000] "POST /posts/add HTTP/1.1" 302 46
::1 - - [12/Jul/2018:04:03:18 +0000] "GET / HTTP/1.1" 200 2066
::1 - - [12/Jul/2018:04:03:33 +0000] "GET /users/logout HTTP/1.1" 302 68
::1 - - [12/Jul/2018:04:03:33 +0000] "GET /users/login HTTP/1.1" 200 1673
::1 - - [12/Jul/2018:04:03:34 +0000] "GET /users/register HTTP/1.1" 200 1908
::1 - - [12/Jul/2018:04:04:06 +0000] "POST /users/register HTTP/1.1" 302 68
::1 - - [12/Jul/2018:04:04:06 +0000] "GET /users/login HTTP/1.1" 200 1686
::1 - - [12/Jul/2018:04:04:16 +0000] "POST /users/login HTTP/1.1" 302 46
::1 - - [12/Jul/2018:04:04:17 +0000] "GET / HTTP/1.1" 200 2064
::1 - - [12/Jul/2018:04:04:21 +0000] "GET /posts/add HTTP/1.1" 200 1679
::1 - - [12/Jul/2018:04:04:26 +0000] "POST /posts/add HTTP/1.1" 302 46
::1 - - [12/Jul/2018:04:04:26 +0000] "GET / HTTP/1.1" 200 2421
::1 - - [12/Jul/2018:04:07:03 +0000] "DELETE /posts/5b46d3495f1f3e3c4c82d13a HTTP/1.1" 200 20
::1 - - [12/Jul/2018:04:07:06 +0000] "GET / HTTP/1.1" 200 1622
::1 - - [12/Jul/2018:04:12:38 +0000] "GET / HTTP/1.1" 304 -
::1 - - [12/Jul/2018:04:12:40 +0000] "GET /users/login HTTP/1.1" 200 1582
::1 - - [12/Jul/2018:04:12:47 +0000] "POST /users/login HTTP/1.1" 302 46
::1 - - [12/Jul/2018:04:12:48 +0000] "GET / HTTP/1.1" 200 2064
::1 - - [12/Jul/2018:04:13:01 +0000] "GET /users/logout HTTP/1.1" 302 68
::1 - - [12/Jul/2018:04:13:01 +0000] "GET /users/login HTTP/1.1" 200 1673
::1 - - [12/Jul/2018:04:13:06 +0000] "POST /users/login HTTP/1.1" 302 46
::1 - - [12/Jul/2018:04:13:07 +0000] "GET / HTTP/1.1" 200 1696
::1 - - [12/Jul/2018:04:15:06 +0000] "GET /users/logout HTTP/1.1" 302 68
::1 - - [12/Jul/2018:04:15:06 +0000] "GET /users/login HTTP/1.1" 200 1673
::1 - - [12/Jul/2018:04:15:11 +0000] "POST /users/login HTTP/1.1" 302 46
::1 - - [12/Jul/2018:04:15:12 +0000] "GET / HTTP/1.1" 200 2088
::1 - - [12/Jul/2018:04:15:35 +0000] "GET / HTTP/1.1" 200 2023
::1 - - [12/Jul/2018:04:15:50 +0000] "GET / HTTP/1.1" 500 2824
::1 - - [12/Jul/2018:04:16:39 +0000] "GET / HTTP/1.1" 200 1991
::1 - - [12/Jul/2018:04:44:23 +0000] "GET / HTTP/1.1" 200 1622
::1 - - [12/Jul/2018:04:44:25 +0000] "GET /users/login HTTP/1.1" 200 1582
::1 - - [12/Jul/2018:04:44:31 +0000] "POST /users/login HTTP/1.1" 302 46
::1 - - [12/Jul/2018:04:44:32 +0000] "GET / HTTP/1.1" 200 2066
::1 - - [12/Jul/2018:04:44:36 +0000] "DELETE /posts/5b46d3045f1f3e3c4c82d138 HTTP/1.1" 200 20
::1 - - [12/Jul/2018:04:44:38 +0000] "GET / HTTP/1.1" 200 1632
::1 - - [12/Jul/2018:04:44:41 +0000] "GET /users/logout HTTP/1.1" 302 68
::1 - - [12/Jul/2018:04:44:41 +0000] "GET /users/login HTTP/1.1" 200 1673
::1 - - [12/Jul/2018:04:44:46 +0000] "POST /users/login HTTP/1.1" 302 46
::1 - - [12/Jul/2018:04:44:47 +0000] "GET / HTTP/1.1" 200 1522
::1 - - [12/Jul/2018:04:46:17 +0000] "GET / HTTP/1.1" 200 1632
::1 - - [12/Jul/2018:04:46:18 +0000] "DELETE /posts/5b458ad3aa2da13734c1ce88 HTTP/1.1" 500 -
::1 - - [12/Jul/2018:04:46:26 +0000] "GET /posts/edit/5b458ad3aa2da13734c1ce88 HTTP/1.1" 302 46
::1 - - [12/Jul/2018:04:46:26 +0000] "GET / HTTP/1.1" 200 1712
::1 - - [12/Jul/2018:04:47:15 +0000] "GET / HTTP/1.1" 200 1447
::ffff:127.0.0.1 - - [12/Jul/2018:04:48:16 +0000] "GET / HTTP/1.1" 200 1448
::1 - - [12/Jul/2018:04:48:19 +0000] "GET /users/login HTTP/1.1" 200 1582
::1 - - [12/Jul/2018:04:48:25 +0000] "POST /users/login HTTP/1.1" 500 2099
::1 - - [12/Jul/2018:04:48:49 +0000] "POST /users/login HTTP/1.1" 500 2123
::1 - - [12/Jul/2018:04:49:54 +0000] "POST /users/login HTTP/1.1" 302 46
::1 - - [12/Jul/2018:04:49:55 +0000] "GET / HTTP/1.1" 200 1707
::1 - - [12/Jul/2018:05:06:17 +0000] "GET / HTTP/1.1" 200 1496
::1 - - [12/Jul/2018:05:07:19 +0000] "GET / HTTP/1.1" 500 2633
::1 - - [12/Jul/2018:05:07:56 +0000] "GET / HTTP/1.1" 200 1545
::1 - - [12/Jul/2018:05:08:34 +0000] "GET / HTTP/1.1" 200 1546
::1 - - [12/Jul/2018:05:08:55 +0000] "GET / HTTP/1.1" 500 2633
::1 - - [12/Jul/2018:05:09:09 +0000] "GET / HTTP/1.1" 200 1448
::1 - - [12/Jul/2018:05:09:55 +0000] "GET / HTTP/1.1" 304 -
::1 - - [12/Jul/2018:05:09:57 +0000] "GET /users/login HTTP/1.1" 200 1582
::1 - - [12/Jul/2018:05:10:03 +0000] "POST /users/login HTTP/1.1" 302 46
::1 - - [12/Jul/2018:05:10:05 +0000] "GET / HTTP/1.1" 200 1707
::1 - - [12/Jul/2018:05:10:44 +0000] "GET / HTTP/1.1" 200 1632
::1 - - [12/Jul/2018:05:10:59 +0000] "GET / HTTP/1.1" 200 1632
::1 - - [12/Jul/2018:05:13:29 +0000] "GET / HTTP/1.1" 200 1640
::1 - - [12/Jul/2018:05:13:39 +0000] "GET / HTTP/1.1" 200 1636
::1 - - [12/Jul/2018:05:13:53 +0000] "GET / HTTP/1.1" 200 1645
::1 - - [12/Jul/2018:05:14:23 +0000] "GET / HTTP/1.1" 200 1651
::1 - - [12/Jul/2018:05:14:36 +0000] "GET / HTTP/1.1" 200 1657
::1 - - [12/Jul/2018:05:16:11 +0000] "GET / HTTP/1.1" 200 2
::1 - - [12/Jul/2018:05:16:11 +0000] "GET / HTTP/1.1" 200 2
::1 - - [12/Jul/2018:05:16:12 +0000] "GET / HTTP/1.1" 200 2
::1 - - [12/Jul/2018:05:16:12 +0000] "GET / HTTP/1.1" 200 2
::1 - - [12/Jul/2018:05:16:12 +0000] "GET / HTTP/1.1" 200 2
::1 - - [12/Jul/2018:05:17:19 +0000] "GET / HTTP/1.1" 200 2
::1 - - [12/Jul/2018:05:17:52 +0000] "GET / HTTP/1.1" 200 1448
::1 - - [12/Jul/2018:05:18:03 +0000] "GET / HTTP/1.1" 304 -
::1 - - [12/Jul/2018:05:19:27 +0000] "GET / HTTP/1.1" 304 -
::1 - - [12/Jul/2018:05:22:43 +0000] "GET /posts/add HTTP/1.1" 401 12
::1 - - [12/Jul/2018:05:22:43 +0000] "GET /posts/add HTTP/1.1" 401 12
::1 - - [12/Jul/2018:05:22:43 +0000] "GET /posts/add HTTP/1.1" 401 12
::1 - - [12/Jul/2018:05:22:43 +0000] "GET /posts/add HTTP/1.1" 401 12
::1 - - [12/Jul/2018:05:22:43 +0000] "GET /posts/add HTTP/1.1" 401 12
::1 - - [12/Jul/2018:05:22:43 +0000] "GET /posts/add HTTP/1.1" 401 12
::1 - - [12/Jul/2018:05:22:43 +0000] "GET /posts/add HTTP/1.1" 401 12
::1 - - [12/Jul/2018:05:22:43 +0000] "GET /posts/add HTTP/1.1" 401 12
::1 - - [12/Jul/2018:05:22:43 +0000] "GET /posts/add HTTP/1.1" 401 12
::1 - - [12/Jul/2018:05:22:43 +0000] "GET /posts/add HTTP/1.1" 401 12
::1 - - [12/Jul/2018:05:22:43 +0000] "GET /posts/add HTTP/1.1" 401 12
::1 - - [12/Jul/2018:05:22:48 +0000] "GET /posts/add HTTP/1.1" 401 12
::1 - - [12/Jul/2018:05:22:48 +0000] "GET /posts/add HTTP/1.1" 401 12
::1 - - [12/Jul/2018:05:22:48 +0000] "GET /posts/add HTTP/1.1" 401 12
::1 - - [12/Jul/2018:05:22:48 +0000] "GET /posts/add HTTP/1.1" 401 12
::1 - - [12/Jul/2018:05:23:16 +0000] "GET /posts/add HTTP/1.1" 401 12
::1 - - [12/Jul/2018:05:23:16 +0000] "GET /posts/add HTTP/1.1" 401 12
::1 - - [12/Jul/2018:05:23:16 +0000] "GET /posts/add HTTP/1.1" 401 12
::1 - - [12/Jul/2018:05:23:16 +0000] "GET /posts/add HTTP/1.1" 401 12
::1 - - [12/Jul/2018:05:23:25 +0000] "GET /users/login HTTP/1.1" 200 1582
::1 - - [12/Jul/2018:05:23:41 +0000] "GET / HTTP/1.1" 304 -
::1 - - [12/Jul/2018:05:24:07 +0000] "GET /posts/add HTTP/1.1" 401 12
::1 - - [12/Jul/2018:05:24:07 +0000] "GET /posts/add HTTP/1.1" 401 12
::1 - - [12/Jul/2018:05:24:07 +0000] "GET /posts/add HTTP/1.1" 401 12
::1 - - [12/Jul/2018:05:24:07 +0000] "GET /posts/add HTTP/1.1" 401 12
::1 - - [12/Jul/2018:05:24:07 +0000] "GET /posts/add HTTP/1.1" 401 12
::1 - - [12/Jul/2018:05:24:07 +0000] "GET /posts/add HTTP/1.1" 401 12
::1 - - [12/Jul/2018:05:24:08 +0000] "GET /posts/add HTTP/1.1" 401 12
::1 - - [12/Jul/2018:05:24:08 +0000] "GET /posts/add HTTP/1.1" 401 12
::1 - - [12/Jul/2018:05:24:08 +0000] "GET /posts/add HTTP/1.1" 401 12
::1 - - [12/Jul/2018:05:24:08 +0000] "GET /posts/add HTTP/1.1" 401 12
::1 - - [12/Jul/2018:05:24:08 +0000] "GET /posts/add HTTP/1.1" 401 12
::1 - - [12/Jul/2018:05:24:13 +0000] "GET /posts/add HTTP/1.1" 401 12
::1 - - [12/Jul/2018:05:24:13 +0000] "GET /posts/add HTTP/1.1" 401 12
::1 - - [12/Jul/2018:05:24:13 +0000] "GET /posts/add HTTP/1.1" 401 12
::1 - - [12/Jul/2018:05:24:13 +0000] "GET /posts/add HTTP/1.1" 401 12
::1 - - [12/Jul/2018:05:24:38 +0000] "GET /users/login HTTP/1.1" 200 2360
::1 - - [12/Jul/2018:05:24:44 +0000] "GET /users/login HTTP/1.1" 200 1582
::ffff:127.0.0.1 - - [12/Jul/2018:05:24:59 +0000] "GET / HTTP/1.1" - -
::ffff:127.0.0.1 - - [12/Jul/2018:05:25:01 +0000] "GET / HTTP/1.1" 200 1448
::1 - - [12/Jul/2018:05:25:02 +0000] "GET / HTTP/1.1" 304 -
::ffff:127.0.0.1 - - [12/Jul/2018:05:25:06 +0000] "GET /posts/add HTTP/1.1" 302 68
::ffff:127.0.0.1 - - [12/Jul/2018:05:25:06 +0000] "GET /users/login HTTP/1.1" 200 1660
::1 - - [12/Jul/2018:05:25:28 +0000] "GET /posts/add HTTP/1.1" 302 68
::1 - - [12/Jul/2018:05:25:28 +0000] "GET /posts/add HTTP/1.1" 302 68
::1 - - [12/Jul/2018:05:25:28 +0000] "GET /posts/add HTTP/1.1" 302 68
::1 - - [12/Jul/2018:05:25:28 +0000] "GET /posts/add HTTP/1.1" 302 68
::1 - - [12/Jul/2018:05:25:28 +0000] "GET /posts/add HTTP/1.1" 302 68
::1 - - [12/Jul/2018:05:25:29 +0000] "GET /users/login HTTP/1.1" 200 1582
::1 - - [12/Jul/2018:05:26:45 +0000] "GET /users/login HTTP/1.1" 304 -
::1 - - [12/Jul/2018:05:27:12 +0000] "GET /users/login HTTP/1.1" 304 -
::1 - - [12/Jul/2018:05:27:21 +0000] "GET /users/login HTTP/1.1" 304 -
::1 - - [12/Jul/2018:05:27:30 +0000] "GET /users/login HTTP/1.1" 304 -
::1 - - [12/Jul/2018:05:27:32 +0000] "GET /users/login HTTP/1.1" 304 -
::1 - - [12/Jul/2018:05:39:40 +0000] "GET /users/login HTTP/1.1" 304 -
::1 - - [12/Jul/2018:06:50:39 +0000] "GET / HTTP/1.1" 401 1582
::1 - - [12/Jul/2018:06:52:10 +0000] "GET / HTTP/1.1" 200 1448
::1 - - [12/Jul/2018:06:53:32 +0000] "GET / HTTP/1.1" 401 24
::1 - - [12/Jul/2018:07:04:56 +0000] "GET / HTTP/1.1" 401 24
::1 - - [12/Jul/2018:07:11:06 +0000] "GET / HTTP/1.1" 401 24
::1 - - [12/Jul/2018:07:11:09 +0000] "GET / HTTP/1.1" 401 24
::1 - - [12/Jul/2018:07:11:11 +0000] "GET / HTTP/1.1" 401 24
::1 - - [12/Jul/2018:07:11:42 +0000] "GET / HTTP/1.1" 401 24
::1 - - [12/Jul/2018:07:11:43 +0000] "GET / HTTP/1.1" 401 24
::1 - - [12/Jul/2018:07:13:23 +0000] "GET / HTTP/1.1" 401 24
::1 - - [12/Jul/2018:07:13:24 +0000] "GET / HTTP/1.1" 401 24
::1 - - [12/Jul/2018:07:13:24 +0000] "GET / HTTP/1.1" 401 24
::1 - - [12/Jul/2018:07:14:27 +0000] "GET / HTTP/1.1" 401 24
::1 - - [12/Jul/2018:07:14:28 +0000] "GET / HTTP/1.1" 401 24
::1 - - [12/Jul/2018:07:16:38 +0000] "GET / HTTP/1.1" 401 24
::1 - - [12/Jul/2018:07:16:41 +0000] "GET / HTTP/1.1" 401 24
::1 - - [12/Jul/2018:07:18:57 +0000] "GET / HTTP/1.1" 401 24
::1 - - [12/Jul/2018:07:18:58 +0000] "GET / HTTP/1.1" 401 24
::1 - - [12/Jul/2018:07:18:58 +0000] "GET / HTTP/1.1" 401 24
::1 - - [12/Jul/2018:07:18:59 +0000] "GET / HTTP/1.1" 401 24
::1 - - [12/Jul/2018:07:18:59 +0000] "GET / HTTP/1.1" 401 24
::1 - - [12/Jul/2018:07:19:00 +0000] "GET / HTTP/1.1" 401 24
::1 - - [12/Jul/2018:07:19:00 +0000] "GET / HTTP/1.1" 401 24
::1 - - [12/Jul/2018:07:19:00 +0000] "GET / HTTP/1.1" 401 24
::1 - - [12/Jul/2018:07:19:00 +0000] "GET / HTTP/1.1" 401 24
::1 - - [12/Jul/2018:07:19:01 +0000] "GET / HTTP/1.1" 401 24
::1 - - [12/Jul/2018:07:19:01 +0000] "GET / HTTP/1.1" 401 24
::ffff:127.0.0.1 - - [12/Jul/2018:07:19:16 +0000] "GET / HTTP/1.1" 200 24
::ffff:127.0.0.1 - - [12/Jul/2018:07:19:17 +0000] "GET / HTTP/1.1" 304 -
::ffff:127.0.0.1 - - [12/Jul/2018:07:19:17 +0000] "GET / HTTP/1.1" 304 -
::1 - - [12/Jul/2018:07:19:28 +0000] "GET / HTTP/1.1" 401 24
::1 - - [12/Jul/2018:07:19:49 +0000] "GET / HTTP/1.1" 401 24
::1 - - [12/Jul/2018:07:20:00 +0000] "GET / HTTP/1.1" 401 24
::1 - - [12/Jul/2018:07:20:01 +0000] "GET / HTTP/1.1" 401 24
::1 - - [12/Jul/2018:07:20:01 +0000] "GET / HTTP/1.1" 401 24
::1 - - [12/Jul/2018:07:20:02 +0000] "GET / HTTP/1.1" 401 24
::1 - - [12/Jul/2018:07:20:02 +0000] "GET / HTTP/1.1" 401 24
::1 - - [12/Jul/2018:07:20:02 +0000] "GET / HTTP/1.1" 401 24
::1 - - [12/Jul/2018:07:20:02 +0000] "GET / HTTP/1.1" 401 24
::1 - - [12/Jul/2018:07:20:02 +0000] "GET / HTTP/1.1" 401 24
::1 - - [12/Jul/2018:07:20:03 +0000] "GET / HTTP/1.1" 401 24
::1 - - [12/Jul/2018:07:21:00 +0000] "GET / HTTP/1.1" 401 24
::1 - - [12/Jul/2018:07:21:01 +0000] "GET / HTTP/1.1" 401 24
::1 - - [12/Jul/2018:07:21:01 +0000] "GET / HTTP/1.1" 401 24
::1 - - [12/Jul/2018:07:21:02 +0000] "GET / HTTP/1.1" 401 24
::1 - - [12/Jul/2018:07:21:42 +0000] "GET / HTTP/1.1" 401 24
::1 - - [12/Jul/2018:07:21:42 +0000] "GET / HTTP/1.1" 401 24
::1 - - [12/Jul/2018:07:22:23 +0000] "GET / HTTP/1.1" 401 24
::1 - - [12/Jul/2018:07:22:52 +0000] "GET / HTTP/1.1" 401 24
::1 - - [12/Jul/2018:07:22:53 +0000] "GET / HTTP/1.1" 401 24
::1 - - [12/Jul/2018:07:22:54 +0000] "GET / HTTP/1.1" 401 24
::1 - - [12/Jul/2018:07:22:54 +0000] "GET / HTTP/1.1" 401 24
::1 - - [12/Jul/2018:07:22:55 +0000] "GET / HTTP/1.1" 401 24
::1 - - [12/Jul/2018:07:22:55 +0000] "GET / HTTP/1.1" 401 24
::1 - - [12/Jul/2018:07:22:56 +0000] "GET / HTTP/1.1" 401 24
::1 - - [12/Jul/2018:07:26:25 +0000] "GET / HTTP/1.1" 401 24
::1 - - [12/Jul/2018:07:30:46 +0000] "GET / HTTP/1.1" 401 24
::1 - - [12/Jul/2018:07:30:47 +0000] "GET / HTTP/1.1" 401 24
::1 - - [12/Jul/2018:07:30:48 +0000] "GET / HTTP/1.1" 401 24
::1 - - [12/Jul/2018:07:30:48 +0000] "GET / HTTP/1.1" 401 24
::1 - - [12/Jul/2018:07:30:48 +0000] "GET / HTTP/1.1" 401 24
::1 - - [12/Jul/2018:07:30:48 +0000] "GET / HTTP/1.1" 401 24
::1 - - [12/Jul/2018:07:30:49 +0000] "GET / HTTP/1.1" 401 24
::1 - - [12/Jul/2018:07:30:49 +0000] "GET / HTTP/1.1" 401 24
::1 - - [12/Jul/2018:07:30:49 +0000] "GET / HTTP/1.1" 401 24
::1 - - [12/Jul/2018:07:30:49 +0000] "GET / HTTP/1.1" 401 24
::1 - - [12/Jul/2018:07:30:49 +0000] "GET / HTTP/1.1" 401 24
::1 - - [12/Jul/2018:07:32:48 +0000] "GET / HTTP/1.1" 401 24
::1 - - [12/Jul/2018:07:32:49 +0000] "GET / HTTP/1.1" 401 24
::1 - - [12/Jul/2018:07:32:49 +0000] "GET / HTTP/1.1" 401 24
::1 - - [12/Jul/2018:07:35:59 +0000] "GET / HTTP/1.1" 401 24
::1 - - [12/Jul/2018:07:36:00 +0000] "GET / HTTP/1.1" 401 24
::1 - - [12/Jul/2018:07:36:04 +0000] "GET / HTTP/1.1" 401 24
::1 - - [12/Jul/2018:07:36:18 +0000] "GET / HTTP/1.1" 401 24
::1 - - [12/Jul/2018:07:36:20 +0000] "GET / HTTP/1.1" 401 24
::1 - - [12/Jul/2018:07:58:54 +0000] "GET / HTTP/1.1" 401 24
::1 - - [12/Jul/2018:07:58:55 +0000] "GET / HTTP/1.1" 401 24
::1 - - [12/Jul/2018:07:58:55 +0000] "GET / HTTP/1.1" 401 24
::1 - - [12/Jul/2018:07:58:55 +0000] "GET / HTTP/1.1" 401 24
::1 - - [12/Jul/2018:07:58:55 +0000] "GET / HTTP/1.1" 401 24
::1 - - [12/Jul/2018:07:58:56 +0000] "GET / HTTP/1.1" 401 24
::1 - - [12/Jul/2018:07:58:57 +0000] "GET / HTTP/1.1" 401 24
::1 - - [12/Jul/2018:07:58:57 +0000] "GET / HTTP/1.1" 401 24
::1 - - [12/Jul/2018:07:58:57 +0000] "GET / HTTP/1.1" 401 24
::1 - - [12/Jul/2018:07:58:57 +0000] "GET / HTTP/1.1" 401 24
::1 - - [12/Jul/2018:07:58:57 +0000] "GET / HTTP/1.1" 401 24
::1 - - [12/Jul/2018:07:58:57 +0000] "GET / HTTP/1.1" 401 24
::1 - - [12/Jul/2018:07:58:58 +0000] "GET / HTTP/1.1" 401 24
::1 - - [12/Jul/2018:07:58:58 +0000] "GET / HTTP/1.1" 401 24
::1 - - [12/Jul/2018:07:58:58 +0000] "GET / HTTP/1.1" 401 24
::1 - - [12/Jul/2018:07:58:58 +0000] "GET / HTTP/1.1" 401 24
::1 - - [12/Jul/2018:07:58:58 +0000] "GET / HTTP/1.1" 401 24
::1 - - [12/Jul/2018:07:58:59 +0000] "GET / HTTP/1.1" 401 24
::1 - - [12/Jul/2018:08:01:24 +0000] "GET / HTTP/1.1" 401 24
::1 - - [12/Jul/2018:08:01:25 +0000] "GET / HTTP/1.1" 401 24
::1 - - [12/Jul/2018:08:01:25 +0000] "GET / HTTP/1.1" 401 24
::1 - - [12/Jul/2018:08:01:26 +0000] "GET / HTTP/1.1" 401 24
::1 - - [12/Jul/2018:08:01:26 +0000] "GET / HTTP/1.1" 401 24
::1 - - [12/Jul/2018:08:06:11 +0000] "GET / HTTP/1.1" 401 2105
::1 - - [12/Jul/2018:08:06:43 +0000] "GET / HTTP/1.1" 401 1650
::1 - - [12/Jul/2018:08:06:48 +0000] "GET / HTTP/1.1" 401 1650
::1 - - [12/Jul/2018:08:06:57 +0000] "POST /users/login HTTP/1.1" 401 1650
::ffff:127.0.0.1 - - [12/Jul/2018:08:08:21 +0000] "POST /users/login HTTP/1.1" 401 1650
::ffff:127.0.0.1 - - [12/Jul/2018:08:08:32 +0000] "POST /users/login HTTP/1.1" 401 1650
::ffff:127.0.0.1 - - [12/Jul/2018:08:08:48 +0000] "POST /users/login HTTP/1.1" 401 1650
::1 - - [12/Jul/2018:08:09:22 +0000] "POST /users/login HTTP/1.1" 401 1650
::1 - - [12/Jul/2018:08:09:23 +0000] "GET / HTTP/1.1" 200 1516
::1 - - [12/Jul/2018:08:10:03 +0000] "POST /users/login HTTP/1.1" 401 1650
::1 - - [12/Jul/2018:08:10:04 +0000] "GET / HTTP/1.1" 304 -
::1 - - [12/Jul/2018:08:10:10 +0000] "GET / HTTP/1.1" 401 1650
::1 - - [12/Jul/2018:08:10:11 +0000] "GET / HTTP/1.1" 304 -
::1 - - [12/Jul/2018:08:11:10 +0000] "GET / HTTP/1.1" 401 1650
::1 - - [12/Jul/2018:08:11:12 +0000] "GET / HTTP/1.1" 304 -
::1 - - [12/Jul/2018:08:11:34 +0000] "GET / HTTP/1.1" 401 1650
::1 - - [12/Jul/2018:08:11:37 +0000] "GET / HTTP/1.1" 401 1650
::1 - - [12/Jul/2018:08:12:44 +0000] "GET / HTTP/1.1" 401 1650
::1 - - [12/Jul/2018:08:13:04 +0000] "GET / HTTP/1.1" 401 1650
::1 - - [12/Jul/2018:08:13:05 +0000] "GET / HTTP/1.1" 304 -
::1 - - [12/Jul/2018:08:18:36 +0000] "GET / HTTP/1.1" 401 1650
::1 - - [12/Jul/2018:08:20:37 +0000] "GET / HTTP/1.1" 401 1650
::ffff:127.0.0.1 - - [12/Jul/2018:08:22:11 +0000] "GET / HTTP/1.1" 401 1650
::1 - - [12/Jul/2018:08:22:41 +0000] "GET / HTTP/1.1" 401 1650
::1 - - [12/Jul/2018:08:22:41 +0000] "GET / HTTP/1.1" 304 -
::1 - - [12/Jul/2018:08:23:15 +0000] "GET / HTTP/1.1" 401 1650
::1 - - [12/Jul/2018:08:24:50 +0000] "GET / HTTP/1.1" 401 1650
::1 - - [12/Jul/2018:08:24:50 +0000] "GET / HTTP/1.1" 304 -
::1 - - [12/Jul/2018:08:26:05 +0000] "GET / HTTP/1.1" 401 1650
::1 - - [12/Jul/2018:08:26:07 +0000] "GET / HTTP/1.1" 304 -
::1 - - [12/Jul/2018:08:30:12 +0000] "GET / HTTP/1.1" 401 1650
::1 - - [12/Jul/2018:08:30:12 +0000] "GET / HTTP/1.1" 304 -
::1 - - [12/Jul/2018:08:30:16 +0000] "GET / HTTP/1.1" 401 1650
::1 - - [12/Jul/2018:08:30:16 +0000] "GET / HTTP/1.1" 304 -
::1 - - [12/Jul/2018:08:37:33 +0000] "GET / HTTP/1.1" 401 1650
::1 - - [12/Jul/2018:08:37:33 +0000] "GET / HTTP/1.1" 304 -
::1 - - [12/Jul/2018:08:41:55 +0000] "GET / HTTP/1.1" 401 1650
::1 - - [12/Jul/2018:08:41:56 +0000] "GET / HTTP/1.1" 304 -
::1 - - [12/Jul/2018:08:44:10 +0000] "GET / HTTP/1.1" 401 1650
::1 - - [12/Jul/2018:08:44:10 +0000] "GET / HTTP/1.1" 304 -
::ffff:127.0.0.1 - - [12/Jul/2018:08:45:13 +0000] "GET / HTTP/1.1" 401 1650
::ffff:127.0.0.1 - - [12/Jul/2018:08:45:15 +0000] "GET / HTTP/1.1" 304 -
::ffff:127.0.0.1 - - [12/Jul/2018:08:46:02 +0000] "GET / HTTP/1.1" 401 1650
::ffff:127.0.0.1 - - [12/Jul/2018:08:46:04 +0000] "GET / HTTP/1.1" 304 -
::ffff:127.0.0.1 - - [12/Jul/2018:08:46:04 +0000] "GET / HTTP/1.1" 401 1650
::ffff:127.0.0.1 - - [12/Jul/2018:08:46:05 +0000] "GET / HTTP/1.1" 304 -
::1 - - [12/Jul/2018:08:46:21 +0000] "GET / HTTP/1.1" 401 1650
::1 - - [12/Jul/2018:08:46:22 +0000] "GET / HTTP/1.1" 304 -
::1 - - [12/Jul/2018:08:46:23 +0000] "GET / HTTP/1.1" 401 1650
::1 - - [12/Jul/2018:08:46:24 +0000] "GET / HTTP/1.1" 304 -
::ffff:127.0.0.1 - - [12/Jul/2018:08:46:48 +0000] "GET / HTTP/1.1" 401 1650
::ffff:127.0.0.1 - - [12/Jul/2018:08:46:50 +0000] "GET / HTTP/1.1" 304 -
::ffff:127.0.0.1 - - [12/Jul/2018:08:49:36 +0000] "GET / HTTP/1.1" 401 1650
::ffff:127.0.0.1 - - [12/Jul/2018:08:49:38 +0000] "GET / HTTP/1.1" 304 -
::1 - - [12/Jul/2018:08:49:52 +0000] "GET / HTTP/1.1" 401 1650
::1 - - [12/Jul/2018:08:49:53 +0000] "GET / HTTP/1.1" 304 -
::ffff:127.0.0.1 - - [12/Jul/2018:08:51:10 +0000] "GET / HTTP/1.1" 401 1650
::ffff:127.0.0.1 - - [12/Jul/2018:08:51:10 +0000] "GET / HTTP/1.1" 200 12
- - - [12/Jul/2018:08:53:51 +0000] "GET / HTTP/1.1" - -
::1 - - [12/Jul/2018:08:53:51 +0000] "GET / HTTP/1.1" 401 1650
::1 - - [12/Jul/2018:08:53:51 +0000] "GET / HTTP/1.1" 200 12
::1 - - [12/Jul/2018:08:54:08 +0000] "GET / HTTP/1.1" 401 1650
::1 - - [12/Jul/2018:08:54:08 +0000] "GET / HTTP/1.1" 304 -
::1 - - [12/Jul/2018:08:55:16 +0000] "GET / HTTP/1.1" 401 1650
::1 - - [12/Jul/2018:08:55:16 +0000] "GET / HTTP/1.1" 304 -
::1 - - [12/Jul/2018:08:55:27 +0000] "GET / HTTP/1.1" 401 1650
::1 - - [12/Jul/2018:08:55:27 +0000] "GET / HTTP/1.1" 304 -
::1 - - [12/Jul/2018:08:56:14 +0000] "GET / HTTP/1.1" 401 1650
::1 - - [12/Jul/2018:08:56:14 +0000] "GET / HTTP/1.1" 304 -
::1 - - [12/Jul/2018:08:56:21 +0000] "GET / HTTP/1.1" 401 1650
::1 - - [12/Jul/2018:08:56:21 +0000] "GET / HTTP/1.1" 304 -
::1 - - [12/Jul/2018:08:57:01 +0000] "GET / HTTP/1.1" 401 1650
::1 - - [12/Jul/2018:08:57:02 +0000] "GET / HTTP/1.1" 304 -
::1 - - [12/Jul/2018:09:06:00 +0000] "GET / HTTP/1.1" 401 1650
::1 - - [12/Jul/2018:09:06:01 +0000] "GET / HTTP/1.1" 200 1516
::1 - - [12/Jul/2018:09:07:26 +0000] "GET / HTTP/1.1" 401 1650
::1 - - [12/Jul/2018:09:07:27 +0000] "GET / HTTP/1.1" 304 -
::1 - - [12/Jul/2018:09:07:58 +0000] "GET / HTTP/1.1" 401 2644
::1 - - [12/Jul/2018:09:08:59 +0000] "GET / HTTP/1.1" 401 2644
::1 - - [12/Jul/2018:09:09:35 +0000] "GET / HTTP/1.1" 401 2643
::1 - - [12/Jul/2018:09:09:59 +0000] "GET / HTTP/1.1" 401 1650
::1 - - [12/Jul/2018:09:10:01 +0000] "GET / HTTP/1.1" 304 -
::1 - - [12/Jul/2018:09:10:16 +0000] "GET / HTTP/1.1" 200 1516
::1 - - [12/Jul/2018:09:10:34 +0000] "GET / HTTP/1.1" 401 1650
::1 - - [12/Jul/2018:09:10:39 +0000] "GET / HTTP/1.1" 200 1516
::1 - - [12/Jul/2018:09:13:43 +0000] "GET / HTTP/1.1" 401 1650
::1 - - [12/Jul/2018:09:13:44 +0000] "GET / HTTP/1.1" 304 -
::1 - - [12/Jul/2018:09:15:44 +0000] "GET / HTTP/1.1" 401 1650
::1 - - [12/Jul/2018:09:15:44 +0000] "GET / HTTP/1.1" 304 -
::1 - - [12/Jul/2018:09:16:54 +0000] "GET / HTTP/1.1" 401 1650
::1 - - [12/Jul/2018:09:16:55 +0000] "GET / HTTP/1.1" 304 -
::1 - - [12/Jul/2018:09:31:56 +0000] "GET / HTTP/1.1" 401 1650
::1 - - [12/Jul/2018:09:31:57 +0000] "GET / HTTP/1.1" 304 -
::1 - - [12/Jul/2018:09:32:20 +0000] "GET / HTTP/1.1" 401 1650
::1 - - [12/Jul/2018:09:34:20 +0000] "OPTIONS / HTTP/1.1" 401 1650
::1 - - [12/Jul/2018:09:35:16 +0000] "OPTIONS / HTTP/1.1" 200 1650
::1 - - [12/Jul/2018:09:35:41 +0000] "OPTIONS / HTTP/1.1" 200 1650
::1 - - [12/Jul/2018:09:35:42 +0000] "GET / HTTP/1.1" 304 -
::1 - - [12/Jul/2018:09:35:53 +0000] "GET / HTTP/1.1" 200 1650
::1 - - [12/Jul/2018:09:35:55 +0000] "GET / HTTP/1.1" 304 -
::1 - - [12/Jul/2018:09:36:37 +0000] "OPTIONS / HTTP/1.1" 200 1650
::1 - - [12/Jul/2018:09:36:37 +0000] "GET / HTTP/1.1" 200 1516
::1 - - [12/Jul/2018:09:36:47 +0000] "OPTIONS / HTTP/1.1" 200 1650
::1 - - [12/Jul/2018:09:36:47 +0000] "GET / HTTP/1.1" 304 -
::1 - - [12/Jul/2018:09:36:52 +0000] "OPTIONS / HTTP/1.1" 200 1650
::1 - - [12/Jul/2018:09:36:52 +0000] "GET / HTTP/1.1" 304 -
::1 - - [12/Jul/2018:09:36:59 +0000] "OPTIONS / HTTP/1.1" 200 1650
::1 - - [12/Jul/2018:09:36:59 +0000] "GET / HTTP/1.1" 304 -
::1 - - [12/Jul/2018:09:37:01 +0000] "GET / HTTP/1.1" 304 -
::1 - - [12/Jul/2018:09:37:04 +0000] "GET / HTTP/1.1" 304 -
::1 - - [12/Jul/2018:09:37:06 +0000] "OPTIONS / HTTP/1.1" 200 1650
::1 - - [12/Jul/2018:09:37:06 +0000] "GET / HTTP/1.1" 304 -
::1 - - [12/Jul/2018:09:37:47 +0000] "OPTIONS / HTTP/1.1" 200 1650
::1 - - [12/Jul/2018:09:37:47 +0000] "GET / HTTP/1.1" 304 -
::1 - - [12/Jul/2018:10:03:51 +0000] "GET / HTTP/1.1" 304 -
::1 - - [12/Jul/2018:10:10:35 +0000] "GET / HTTP/1.1" 304 -
::1 - - [12/Jul/2018:10:24:58 +0000] "GET / HTTP/1.1" - -
::1 - - [12/Jul/2018:10:25:02 +0000] "GET / HTTP/1.1" 200 1516
::1 - - [12/Jul/2018:10:25:05 +0000] "GET /users/login HTTP/1.1" 200 1650
::1 - - [12/Jul/2018:10:25:07 +0000] "GET / HTTP/1.1" 304 -
::1 - - [12/Jul/2018:10:25:12 +0000] "GET /users/login HTTP/1.1" 304 -
::1 - - [12/Jul/2018:10:25:17 +0000] "POST /users/login HTTP/1.1" 302 46
::1 - - [12/Jul/2018:10:25:18 +0000] "GET / HTTP/1.1" 200 1800
::1 - - [12/Jul/2018:10:25:24 +0000] "GET /users/logout HTTP/1.1" 302 68
::1 - - [12/Jul/2018:10:25:24 +0000] "GET /users/login HTTP/1.1" 200 1741
::1 - - [12/Jul/2018:10:25:31 +0000] "POST /users/login HTTP/1.1" 302 46
::1 - - [12/Jul/2018:10:25:31 +0000] "GET / HTTP/1.1" 200 1590
::1 - - [12/Jul/2018:10:25:34 +0000] "GET /posts/add HTTP/1.1" 200 1747
::1 - - [12/Jul/2018:10:25:38 +0000] "POST /posts/add HTTP/1.1" 302 46
::1 - - [12/Jul/2018:10:25:39 +0000] "GET / HTTP/1.1" 200 1963
::1 - - [12/Jul/2018:10:25:42 +0000] "GET /posts/add HTTP/1.1" 200 1747
::1 - - [12/Jul/2018:10:26:51 +0000] "GET / HTTP/1.1" 200 1886
::1 - - [12/Jul/2018:10:26:53 +0000] "DELETE /posts/5b472ca2ff7b6245a4fb85a4 HTTP/1.1" 200 20
::1 - - [12/Jul/2018:10:26:55 +0000] "GET / HTTP/1.1" 200 1515
::1 - - [12/Jul/2018:12:18:38 +0000] "GET / HTTP/1.1" 200 1516
::1 - - [12/Jul/2018:12:23:03 +0000] "GET / HTTP/1.1" 200 1516
::1 - - [12/Jul/2018:12:31:29 +0000] "GET / HTTP/1.1" 200 1650
::1 - - [12/Jul/2018:12:31:34 +0000] "GET / HTTP/1.1" 304 -
::1 - - [12/Jul/2018:12:31:36 +0000] "GET / HTTP/1.1" 304 -
::1 - - [12/Jul/2018:12:31:37 +0000] "GET / HTTP/1.1" 304 -
::1 - - [12/Jul/2018:15:12:05 +0000] "GET / HTTP/1.1" 200 1516
::1 - - [13/Jul/2018:03:38:08 +0000] "GET / HTTP/1.1" 304 -
::1 - - [13/Jul/2018:04:03:48 +0000] "GET / HTTP/1.1" 304 -
::1 - - [13/Jul/2018:04:03:50 +0000] "GET /users/login HTTP/1.1" 200 1650
::1 - - [13/Jul/2018:04:03:57 +0000] "POST /users/login HTTP/1.1" 302 46
::1 - - [13/Jul/2018:04:03:58 +0000] "GET / HTTP/1.1" 200 1787
::1 - - [13/Jul/2018:04:04:02 +0000] "GET /posts/5b458ad3aa2da13734c1ce88 HTTP/1.1" 200 1811
::1 - - [13/Jul/2018:04:04:25 +0000] "POST /posts/5b458ad3aa2da13734c1ce88 HTTP/1.1" 302 46
::1 - - [13/Jul/2018:04:04:26 +0000] "GET / HTTP/1.1" 200 1789
::1 - - [13/Jul/2018:04:04:31 +0000] "DELETE /posts/5b458ad3aa2da13734c1ce88 HTTP/1.1" 200 20
::1 - - [13/Jul/2018:04:04:33 +0000] "GET / HTTP/1.1" 200 1331
::1 - - [13/Jul/2018:04:04:35 +0000] "GET /posts HTTP/1.1" 200 1736
::1 - - [13/Jul/2018:04:04:45 +0000] "POST /posts HTTP/1.1" 302 46
::1 - - [13/Jul/2018:04:04:45 +0000] "GET / HTTP/1.1" 200 1789
::1 - - [13/Jul/2018:04:07:29 +0000] "GET / HTTP/1.1" 200 1516
::1 - - [13/Jul/2018:04:07:30 +0000] "GET /users/login HTTP/1.1" 200 1650
::1 - - [13/Jul/2018:04:07:37 +0000] "POST /users/login HTTP/1.1" 302 46
::1 - - [13/Jul/2018:04:07:37 +0000] "GET / HTTP/1.1" 200 1787
::1 - - [13/Jul/2018:04:09:02 +0000] "GET / HTTP/1.1" 200 1339
::1 - - [13/Jul/2018:04:09:03 +0000] "GET /users/login HTTP/1.1" 200 1650
::1 - - [13/Jul/2018:04:09:08 +0000] "POST /users/login HTTP/1.1" 302 46
::1 - - [13/Jul/2018:04:09:09 +0000] "GET / HTTP/1.1" 200 1406
::1 - - [13/Jul/2018:04:09:14 +0000] "GET /posts HTTP/1.1" 200 1736
::1 - - [13/Jul/2018:04:09:30 +0000] "POST /posts HTTP/1.1" 302 46
::1 - - [13/Jul/2018:04:09:31 +0000] "GET / HTTP/1.1" 200 1789
::1 - - [13/Jul/2018:04:12:45 +0000] "GET / HTTP/1.1" 200 1339
::1 - - [13/Jul/2018:04:12:46 +0000] "GET / HTTP/1.1" 304 -
::1 - - [13/Jul/2018:04:12:53 +0000] "GET /users/login HTTP/1.1" 200 1650
::1 - - [13/Jul/2018:04:12:59 +0000] "POST /users/login HTTP/1.1" 302 46
::1 - - [13/Jul/2018:04:13:00 +0000] "GET / HTTP/1.1" 200 1406
::1 - - [13/Jul/2018:04:13:11 +0000] "GET /posts HTTP/1.1" 200 1736
::1 - - [13/Jul/2018:04:13:21 +0000] "POST /posts HTTP/1.1" 302 46
::1 - - [13/Jul/2018:04:13:22 +0000] "GET / HTTP/1.1" 200 1789
::1 - - [13/Jul/2018:04:13:29 +0000] "GET / HTTP/1.1" 200 1331
::1 - - [13/Jul/2018:04:13:29 +0000] "DELETE /posts/5b4826e05f680a4e1cb88b78 HTTP/1.1" - -
::1 - - [13/Jul/2018:04:13:50 +0000] "GET / HTTP/1.1" 200 1339
::1 - - [13/Jul/2018:04:13:52 +0000] "GET /users/login HTTP/1.1" 200 1650
::1 - - [13/Jul/2018:04:13:59 +0000] "POST /users/login HTTP/1.1" 302 46
::1 - - [13/Jul/2018:04:13:59 +0000] "GET / HTTP/1.1" 200 1406
::1 - - [13/Jul/2018:04:14:09 +0000] "GET /posts HTTP/1.1" 200 1736
::1 - - [13/Jul/2018:04:14:19 +0000] "POST /posts HTTP/1.1" 302 46
::1 - - [13/Jul/2018:04:14:19 +0000] "GET / HTTP/1.1" 200 1789
::1 - - [13/Jul/2018:04:14:25 +0000] "GET / HTTP/1.1" 200 1331
::1 - - [13/Jul/2018:04:14:25 +0000] "DELETE /posts/5b48271aee86c50bf00c913f HTTP/1.1" - -
::1 - - [13/Jul/2018:04:14:56 +0000] "GET / HTTP/1.1" 200 1339
::1 - - [13/Jul/2018:04:14:59 +0000] "GET /users/login HTTP/1.1" 200 1650
::1 - - [13/Jul/2018:04:15:07 +0000] "POST /users/login HTTP/1.1" 302 46
::1 - - [13/Jul/2018:04:15:08 +0000] "GET / HTTP/1.1" 200 1406
::1 - - [13/Jul/2018:04:15:12 +0000] "GET /posts HTTP/1.1" 200 1736
::1 - - [13/Jul/2018:04:15:21 +0000] "POST /posts HTTP/1.1" 302 46
::1 - - [13/Jul/2018:04:15:22 +0000] "GET / HTTP/1.1" 200 1789
::1 - - [13/Jul/2018:04:15:24 +0000] "DELETE /posts/5b4827599fb4d201d09d7636 HTTP/1.1" 302 23
::1 - - [13/Jul/2018:04:15:24 +0000] "DELETE / HTTP/1.1" 404 142
::1 - - [13/Jul/2018:04:15:33 +0000] "GET / HTTP/1.1" 200 1410
::1 - - [13/Jul/2018:04:18:36 +0000] "GET / HTTP/1.1" 200 1339
::1 - - [13/Jul/2018:04:28:47 +0000] "GET / HTTP/1.1" 304 -
::1 - - [13/Jul/2018:04:28:50 +0000] "GET /users/login HTTP/1.1" 200 1650
::1 - - [13/Jul/2018:04:28:55 +0000] "POST /users/login HTTP/1.1" 302 46
::1 - - [13/Jul/2018:04:28:56 +0000] "GET / HTTP/1.1" 200 1406
::1 - - [13/Jul/2018:04:28:59 +0000] "GET /posts HTTP/1.1" 200 1736
::1 - - [13/Jul/2018:04:29:26 +0000] "POST /posts HTTP/1.1" 302 46
::1 - - [13/Jul/2018:04:29:28 +0000] "GET / HTTP/1.1" 200 1826
::1 - - [13/Jul/2018:04:29:33 +0000] "GET /users/logout HTTP/1.1" 302 68
::1 - - [13/Jul/2018:04:29:33 +0000] "GET /users/login HTTP/1.1" 200 1741
::1 - - [13/Jul/2018:04:29:40 +0000] "POST /users/login HTTP/1.1" 302 46
::1 - - [13/Jul/2018:04:29:41 +0000] "GET / HTTP/1.1" 200 1620
::1 - - [13/Jul/2018:04:29:43 +0000] "GET /posts HTTP/1.1" 200 1736
::1 - - [13/Jul/2018:04:30:05 +0000] "POST /posts HTTP/1.1" 302 46
::1 - - [13/Jul/2018:04:30:06 +0000] "GET / HTTP/1.1" 200 2029
::1 - - [13/Jul/2018:04:55:16 +0000] "GET / HTTP/1.1" - -
::1 - - [13/Jul/2018:04:55:49 +0000] "GET / HTTP/1.1" 200 1756
::1 - - [13/Jul/2018:05:16:51 +0000] "GET /users/login HTTP/1.1" 200 1650
::1 - - [13/Jul/2018:05:16:56 +0000] "POST /users/login HTTP/1.1" 302 46
::1 - - [13/Jul/2018:05:16:57 +0000] "GET / HTTP/1.1" 200 2027
::1 - - [13/Jul/2018:05:17:00 +0000] "GET /posts/5b482aa6c66d4d4a84296d89 HTTP/1.1" 200 1741
::1 - - [13/Jul/2018:05:17:04 +0000] "GET /posts/5b482aa6c66d4d4a84296d89?title=Had+an+awesome+day&description=Went+out+on+a+trip+with+the+cousins+%3C3 HTTP/1.1" 200 1741
::1 - - [13/Jul/2018:05:17:09 +0000] "GET /posts/5b482aa6c66d4d4a84296d89?title=Had+an+awesome+day&description=Went+out+on+a+trip+with+the+cousins+%3C3 HTTP/1.1" 304 -
::1 - - [13/Jul/2018:05:18:08 +0000] "GET / HTTP/1.1" 200 1952
::1 - - [13/Jul/2018:05:18:11 +0000] "GET /posts/5b482aa6c66d4d4a84296d89 HTTP/1.1" 304 -
::1 - - [13/Jul/2018:05:18:16 +0000] "GET /posts/5b482aa6c66d4d4a84296d89?title=Had+an+awesome+da&description=Went+out+on+a+trip+with+the+cousins+%3C3 HTTP/1.1" 200 1741
::1 - - [13/Jul/2018:05:19:19 +0000] "GET /posts/5b482aa6c66d4d4a84296d89?title=Had+an+awesome+da&description=Went+out+on+a+trip+with+the+cousins+%3C3 HTTP/1.1" 302 68
::1 - - [13/Jul/2018:05:19:19 +0000] "GET /posts/5b482aa6c66d4d4a84296d89?title=Had+an+awesome+da&description=Went+out+on+a+trip+with+the+cousins+%3C3 HTTP/1.1" 302 68
::1 - - [13/Jul/2018:05:19:20 +0000] "GET /posts/5b482aa6c66d4d4a84296d89?title=Had+an+awesome+da&description=Went+out+on+a+trip+with+the+cousins+%3C3 HTTP/1.1" 302 68
::1 - - [13/Jul/2018:05:19:25 +0000] "GET /posts/5b482aa6c66d4d4a84296d89?title=Had+an+awesome+da&description=Went+out+on+a+trip+with+the+cousins+%3C3 HTTP/1.1" 302 68
::1 - - [13/Jul/2018:05:19:55 +0000] "GET /posts/5b482aa6c66d4d4a84296d89?title=Had+an+awesome+da&description=Went+out+on+a+trip+with+the+cousins+%3C3 HTTP/1.1" 302 68
::1 - - [13/Jul/2018:05:19:58 +0000] "GET /posts/5b482aa6c66d4d4a84296d89?title=Had+an+awesome+da&description=Went+out+on+a+trip+with+the+cousins+%3C3 HTTP/1.1" 302 68
::1 - - [13/Jul/2018:05:19:59 +0000] "GET /posts/5b482aa6c66d4d4a84296d89?title=Had+an+awesome+da&description=Went+out+on+a+trip+with+the+cousins+%3C3 HTTP/1.1" 302 68
::1 - - [13/Jul/2018:05:20:37 +0000] "GET /posts/5b482aa6c66d4d4a84296d89?title=Had+an+awesome+da&description=Went+out+on+a+trip+with+the+cousins+%3C3 HTTP/1.1" 302 68
::1 - - [13/Jul/2018:05:20:38 +0000] "GET /users/login HTTP/1.1" 200 1728
::1 - - [13/Jul/2018:05:20:43 +0000] "POST /users/login HTTP/1.1" 302 46
::1 - - [13/Jul/2018:05:20:45 +0000] "GET / HTTP/1.1" 200 2027
::1 - - [13/Jul/2018:05:20:47 +0000] "GET /posts/5b482aa6c66d4d4a84296d89 HTTP/1.1" 200 1755
::1 - - [13/Jul/2018:05:20:50 +0000] "POST /posts/5b482aa6c66d4d4a84296d89 HTTP/1.1" 404 170
::1 - - [13/Jul/2018:05:25:06 +0000] "POST /posts/5b482aa6c66d4d4a84296d89 HTTP/1.1" 404 170
::1 - - [13/Jul/2018:05:25:08 +0000] "POST /posts/5b482aa6c66d4d4a84296d89 HTTP/1.1" 404 170
::1 - - [13/Jul/2018:05:25:12 +0000] "POST /posts/5b482aa6c66d4d4a84296d89 HTTP/1.1" 404 170
::1 - - [13/Jul/2018:05:25:20 +0000] "POST /posts/5b482aa6c66d4d4a84296d89 HTTP/1.1" 404 170
::1 - - [13/Jul/2018:05:25:20 +0000] "POST /posts/5b482aa6c66d4d4a84296d89 HTTP/1.1" 404 170
::1 - - [13/Jul/2018:05:25:21 +0000] "POST /posts/5b482aa6c66d4d4a84296d89 HTTP/1.1" 404 170
::1 - - [13/Jul/2018:05:25:25 +0000] "GET / HTTP/1.1" 200 1756
::1 - - [13/Jul/2018:05:25:28 +0000] "GET /users/login HTTP/1.1" 200 1650
::1 - - [13/Jul/2018:05:25:34 +0000] "POST /users/login HTTP/1.1" 302 46
::1 - - [13/Jul/2018:05:25:36 +0000] "GET / HTTP/1.1" 200 2027
::1 - - [13/Jul/2018:05:25:37 +0000] "GET /posts/5b482aa6c66d4d4a84296d89 HTTP/1.1" 200 1730
::1 - - [13/Jul/2018:05:25:41 +0000] "GET /posts/5b482aa6c66d4d4a84296d89?title=Had+an+awesome+day&description=Went+out+on+a+trip+with+the+cousins+%3C3 HTTP/1.1" 200 1730
::1 - - [13/Jul/2018:05:25:49 +0000] "GET /posts/5b482aa6c66d4d4a84296d89?title=Had+an+awesome+day&description=Went+out+on+a+trip+with+the+cousins+%3C3 HTTP/1.1" 304 -
::1 - - [13/Jul/2018:05:27:32 +0000] "GET / HTTP/1.1" 200 1756
::1 - - [13/Jul/2018:05:27:34 +0000] "GET /users/login HTTP/1.1" 200 1650
::1 - - [13/Jul/2018:05:27:40 +0000] "POST /users/login HTTP/1.1" 302 46
::1 - - [13/Jul/2018:05:27:41 +0000] "GET / HTTP/1.1" 200 2027
::1 - - [13/Jul/2018:05:27:43 +0000] "GET /posts/5b482aa6c66d4d4a84296d89 HTTP/1.1" 304 -
::1 - - [13/Jul/2018:05:27:47 +0000] "GET /posts/5b482aa6c66d4d4a84296d89?title=Had+an+awesome+day&description=Went+out+on+a+trip+with+the+cousins+%3C3 HTTP/1.1" 304 -
::1 - - [13/Jul/2018:05:27:56 +0000] "GET /posts/5b482aa6c66d4d4a84296d89?title=Had+an+awesome+day%21&description=Went+out+on+a+trip+with+the+cousins HTTP/1.1" 200 1730
::1 - - [13/Jul/2018:05:28:21 +0000] "GET /users/logout HTTP/1.1" 302 68
::1 - - [13/Jul/2018:05:28:21 +0000] "GET /users/login HTTP/1.1" 200 1741
::1 - - [13/Jul/2018:05:28:28 +0000] "POST /users/login HTTP/1.1" 302 46
::1 - - [13/Jul/2018:05:28:28 +0000] "GET / HTTP/1.1" 304 -
::1 - - [13/Jul/2018:05:28:30 +0000] "GET /posts/5b482aa6c66d4d4a84296d89 HTTP/1.1" 304 -
::1 - - [13/Jul/2018:05:28:33 +0000] "PUT /posts/post._id HTTP/1.1" 500 2086
::1 - - [13/Jul/2018:05:28:39 +0000] "PUT /posts/post._id HTTP/1.1" 500 2086
::1 - - [13/Jul/2018:05:29:22 +0000] "GET /users/logout HTTP/1.1" 302 68
::1 - - [13/Jul/2018:05:29:23 +0000] "GET /users/login HTTP/1.1" 200 1741
::1 - - [13/Jul/2018:05:29:27 +0000] "POST /users/login HTTP/1.1" 302 46
::1 - - [13/Jul/2018:05:29:28 +0000] "GET / HTTP/1.1" 304 -
::1 - - [13/Jul/2018:05:29:30 +0000] "GET /posts/5b482aa6c66d4d4a84296d89 HTTP/1.1" 304 -
::1 - - [13/Jul/2018:05:31:33 +0000] "PUT /posts/post._id HTTP/1.1" - -
::1 - - [13/Jul/2018:05:31:45 +0000] "PUT /posts/post._id HTTP/1.1" - -
::1 - - [13/Jul/2018:05:32:12 +0000] "GET / HTTP/1.1" 200 1952
::1 - - [13/Jul/2018:05:32:12 +0000] "PUT /posts/post._id HTTP/1.1" - -
::1 - - [13/Jul/2018:05:32:15 +0000] "GET /posts/5b482aa6c66d4d4a84296d89 HTTP/1.1" 304 -
::1 - - [13/Jul/2018:05:32:48 +0000] "GET /users/logout HTTP/1.1" 302 68
::1 - - [13/Jul/2018:05:32:49 +0000] "GET /users/login HTTP/1.1" 200 1741
::1 - - [13/Jul/2018:05:32:54 +0000] "POST /users/login HTTP/1.1" 302 46
::1 - - [13/Jul/2018:05:32:55 +0000] "GET / HTTP/1.1" 200 2027
::1 - - [13/Jul/2018:05:32:57 +0000] "GET /posts/5b482aa6c66d4d4a84296d89 HTTP/1.1" 304 -
::1 - - [13/Jul/2018:05:34:04 +0000] "GET /users/logout HTTP/1.1" 302 68
::1 - - [13/Jul/2018:05:34:04 +0000] "GET /users/login HTTP/1.1" 200 1741
::1 - - [13/Jul/2018:05:34:09 +0000] "POST /users/login HTTP/1.1" 302 46
::1 - - [13/Jul/2018:05:34:10 +0000] "GET / HTTP/1.1" 304 -
::1 - - [13/Jul/2018:05:34:12 +0000] "GET /posts/5b482aa6c66d4d4a84296d89 HTTP/1.1" 304 -
::1 - - [13/Jul/2018:05:35:24 +0000] "GET /users/logout HTTP/1.1" 302 68
::1 - - [13/Jul/2018:05:35:25 +0000] "GET /users/login HTTP/1.1" 200 1741
::1 - - [13/Jul/2018:05:35:31 +0000] "POST /users/login HTTP/1.1" 302 46
::1 - - [13/Jul/2018:05:35:31 +0000] "GET / HTTP/1.1" 304 -
::1 - - [13/Jul/2018:05:35:33 +0000] "GET /posts/5b482aa6c66d4d4a84296d89 HTTP/1.1" 200 1746
::1 - - [13/Jul/2018:05:35:36 +0000] "PUT /posts/5b482aa6c66d4d4a84296d89 HTTP/1.1" 302 23
::1 - - [13/Jul/2018:05:35:37 +0000] "PUT / HTTP/1.1" 404 139
::1 - - [13/Jul/2018:05:39:40 +0000] "GET /users/logout HTTP/1.1" 302 68
::1 - - [13/Jul/2018:05:39:40 +0000] "GET /users/login HTTP/1.1" 200 1741
::1 - - [13/Jul/2018:05:39:45 +0000] "POST /users/login HTTP/1.1" 302 46
::1 - - [13/Jul/2018:05:39:45 +0000] "GET / HTTP/1.1" 200 2026
::1 - - [13/Jul/2018:05:39:51 +0000] "GET /posts/5b482aa6c66d4d4a84296d89 HTTP/1.1" 200 1745
::1 - - [13/Jul/2018:05:40:00 +0000] "PUT /posts/5b482aa6c66d4d4a84296d89 HTTP/1.1" 302 23
::1 - - [13/Jul/2018:05:40:00 +0000] "PUT / HTTP/1.1" 404 139
::1 - - [13/Jul/2018:05:40:06 +0000] "GET / HTTP/1.1" 200 2031
::1 - - [13/Jul/2018:05:41:43 +0000] "GET /users/logout HTTP/1.1" 302 68
::1 - - [13/Jul/2018:05:41:44 +0000] "GET /users/login HTTP/1.1" 200 1741
::1 - - [13/Jul/2018:05:41:48 +0000] "POST /users/login HTTP/1.1" 302 68
::1 - - [13/Jul/2018:05:41:48 +0000] "GET /users/login HTTP/1.1" 200 1731
::1 - - [13/Jul/2018:05:41:54 +0000] "POST /users/login HTTP/1.1" 302 68
::1 - - [13/Jul/2018:05:41:54 +0000] "GET /users/login HTTP/1.1" 200 1731
::1 - - [13/Jul/2018:05:42:04 +0000] "POST /users/login HTTP/1.1" 302 46
::1 - - [13/Jul/2018:05:42:05 +0000] "GET / HTTP/1.1" 200 2027
::1 - - [13/Jul/2018:05:42:07 +0000] "GET /posts/5b482aa6c66d4d4a84296d89 HTTP/1.1" 200 1746
::1 - - [13/Jul/2018:05:42:31 +0000] "GET / HTTP/1.1" 200 1951
::1 - - [13/Jul/2018:05:42:31 +0000] "PUT /posts/5b482aa6c66d4d4a84296d89 HTTP/1.1" - -
::1 - - [13/Jul/2018:05:43:09 +0000] "GET /users/logout HTTP/1.1" 302 68
::1 - - [13/Jul/2018:05:43:10 +0000] "GET /users/login HTTP/1.1" 200 1741
::1 - - [13/Jul/2018:05:43:15 +0000] "POST /users/login HTTP/1.1" 302 46
::1 - - [13/Jul/2018:05:43:15 +0000] "GET / HTTP/1.1" 200 2026
::1 - - [13/Jul/2018:05:43:17 +0000] "GET /posts/5b482aa6c66d4d4a84296d89 HTTP/1.1" 200 1745
::1 - - [13/Jul/2018:05:43:27 +0000] "GET / HTTP/1.1" 200 1952
::1 - - [13/Jul/2018:05:43:27 +0000] "PUT /posts/5b482aa6c66d4d4a84296d89 HTTP/1.1" - -
::1 - - [13/Jul/2018:05:43:53 +0000] "GET /users/logout HTTP/1.1" 302 68
::1 - - [13/Jul/2018:05:43:54 +0000] "GET /users/login HTTP/1.1" 200 1741
::1 - - [13/Jul/2018:05:43:58 +0000] "POST /users/login HTTP/1.1" 302 46
::1 - - [13/Jul/2018:05:43:58 +0000] "GET / HTTP/1.1" 200 2027
::1 - - [13/Jul/2018:05:44:00 +0000] "GET /posts/5b482aa6c66d4d4a84296d89 HTTP/1.1" 200 1746
::1 - - [13/Jul/2018:05:45:47 +0000] "GET /users/logout HTTP/1.1" 302 68
::1 - - [13/Jul/2018:05:45:48 +0000] "GET /users/login HTTP/1.1" 200 1741
::1 - - [13/Jul/2018:05:45:52 +0000] "POST /users/login HTTP/1.1" 302 46
::1 - - [13/Jul/2018:05:45:53 +0000] "GET / HTTP/1.1" 200 2026
::1 - - [13/Jul/2018:05:45:55 +0000] "GET /posts/5b482aa6c66d4d4a84296d89 HTTP/1.1" 200 1745
::1 - - [13/Jul/2018:05:46:00 +0000] "PUT /posts/5b482aa6c66d4d4a84296d89 HTTP/1.1" 302 23
::1 - - [13/Jul/2018:05:46:00 +0000] "PUT / HTTP/1.1" 404 139
::1 - - [13/Jul/2018:05:46:17 +0000] "GET /users/logout HTTP/1.1" 302 68
::1 - - [13/Jul/2018:05:46:18 +0000] "GET /users/login HTTP/1.1" 200 1741
::1 - - [13/Jul/2018:05:46:24 +0000] "POST /users/login HTTP/1.1" 302 46
::1 - - [13/Jul/2018:05:46:24 +0000] "GET / HTTP/1.1" 200 2027
::1 - - [13/Jul/2018:05:46:26 +0000] "GET /posts/5b482aa6c66d4d4a84296d89 HTTP/1.1" 200 1746
::1 - - [13/Jul/2018:05:46:30 +0000] "PUT /posts/5b482aa6c66d4d4a84296d89 HTTP/1.1" 500 1447
::1 - - [13/Jul/2018:05:46:47 +0000] "GET /users/logout HTTP/1.1" 302 68
::1 - - [13/Jul/2018:05:46:48 +0000] "GET /users/login HTTP/1.1" 200 1741
::1 - - [13/Jul/2018:05:46:52 +0000] "POST /users/login HTTP/1.1" 302 46
::1 - - [13/Jul/2018:05:46:53 +0000] "GET / HTTP/1.1" 200 2026
::1 - - [13/Jul/2018:05:46:55 +0000] "GET /posts/5b482aa6c66d4d4a84296d89 HTTP/1.1" 200 1745
::1 - - [13/Jul/2018:05:46:59 +0000] "PUT /posts/5b482aa6c66d4d4a84296d89 HTTP/1.1" 500 2637
::1 - - [13/Jul/2018:05:47:20 +0000] "PUT /posts/5b482aa6c66d4d4a84296d89 HTTP/1.1" 500 2637
::1 - - [13/Jul/2018:05:49:15 +0000] "GET / HTTP/1.1" 200 1952
::1 - - [13/Jul/2018:05:49:17 +0000] "GET /posts/5b482aa6c66d4d4a84296d89 HTTP/1.1" 200 1746
::1 - - [13/Jul/2018:05:49:20 +0000] "PUT /posts/5b482aa6c66d4d4a84296d89 HTTP/1.1" 500 2637
::1 - - [13/Jul/2018:05:49:23 +0000] "GET / HTTP/1.1" 200 1951
::1 - - [13/Jul/2018:05:49:53 +0000] "GET /users/logout HTTP/1.1" 302 68
::1 - - [13/Jul/2018:05:49:53 +0000] "GET /users/login HTTP/1.1" 200 1741
::1 - - [13/Jul/2018:05:49:58 +0000] "POST /users/login HTTP/1.1" 302 46
::1 - - [13/Jul/2018:05:49:58 +0000] "GET / HTTP/1.1" 200 2026
::1 - - [13/Jul/2018:05:50:00 +0000] "GET /posts/5b482aa6c66d4d4a84296d89 HTTP/1.1" 200 1745
::1 - - [13/Jul/2018:05:50:39 +0000] "GET /users/logout HTTP/1.1" 302 68
::1 - - [13/Jul/2018:05:50:40 +0000] "GET /users/login HTTP/1.1" 200 1741
::1 - - [13/Jul/2018:05:50:45 +0000] "POST /users/login HTTP/1.1" 302 46
::1 - - [13/Jul/2018:05:50:45 +0000] "GET / HTTP/1.1" 200 2027
::1 - - [13/Jul/2018:05:50:48 +0000] "GET /posts/5b482aa6c66d4d4a84296d89 HTTP/1.1" 200 1746
::1 - - [13/Jul/2018:05:50:51 +0000] "PUT /posts/5b482aa6c66d4d4a84296d89 HTTP/1.1" 302 23
::1 - - [13/Jul/2018:05:50:52 +0000] "PUT / HTTP/1.1" 404 139
::1 - - [13/Jul/2018:05:50:56 +0000] "GET / HTTP/1.1" 200 2030
::1 - - [13/Jul/2018:05:54:24 +0000] "GET /users/logout HTTP/1.1" 302 68
::1 - - [13/Jul/2018:05:54:24 +0000] "GET /users/login HTTP/1.1" 200 1741
::1 - - [13/Jul/2018:05:54:29 +0000] "POST /users/login HTTP/1.1" 302 46
::1 - - [13/Jul/2018:05:54:29 +0000] "GET / HTTP/1.1" 200 2026
::1 - - [13/Jul/2018:05:54:31 +0000] "GET /posts/5b482aa6c66d4d4a84296d89 HTTP/1.1" 200 1745
::1 - - [13/Jul/2018:05:54:35 +0000] "PUT /posts/5b482aa6c66d4d4a84296d89 HTTP/1.1" 302 23
::1 - - [13/Jul/2018:05:54:35 +0000] "PUT / HTTP/1.1" 404 139
::1 - - [13/Jul/2018:05:57:04 +0000] "GET /users/logout HTTP/1.1" 302 68
::1 - - [13/Jul/2018:05:57:05 +0000] "GET /users/login HTTP/1.1" 200 1741
::1 - - [13/Jul/2018:05:57:10 +0000] "POST /users/login HTTP/1.1" 302 46
::1 - - [13/Jul/2018:05:57:11 +0000] "GET / HTTP/1.1" 200 2027
::1 - - [13/Jul/2018:05:57:13 +0000] "GET /posts/5b482aa6c66d4d4a84296d89 HTTP/1.1" 200 1746
::1 - - [13/Jul/2018:05:57:16 +0000] "GET /posts/5b482aa6c66d4d4a84296d89 HTTP/1.1" 302 23
::1 - - [13/Jul/2018:05:57:16 +0000] "PUT / HTTP/1.1" 404 139
::1 - - [13/Jul/2018:05:58:22 +0000] "GET /users/logout HTTP/1.1" 302 68
::1 - - [13/Jul/2018:05:58:22 +0000] "GET /users/login HTTP/1.1" 200 1741
::1 - - [13/Jul/2018:05:58:28 +0000] "POST /users/login HTTP/1.1" 302 46
::1 - - [13/Jul/2018:05:58:28 +0000] "GET / HTTP/1.1" 200 2026
::1 - - [13/Jul/2018:05:58:30 +0000] "GET /posts/5b482aa6c66d4d4a84296d89 HTTP/1.1" 200 1745
::1 - - [13/Jul/2018:05:58:35 +0000] "PUT /posts/5b482aa6c66d4d4a84296d89 HTTP/1.1" 303 27
::1 - - [13/Jul/2018:05:58:35 +0000] "GET / HTTP/1.1" 200 2031
::1 - - [13/Jul/2018:05:59:03 +0000] "GET / HTTP/1.1" 200 1952
::1 - - [13/Jul/2018:05:59:42 +0000] "GET /posts/5b482aa6c66d4d4a84296d89 HTTP/1.1" 200 1746
::1 - - [13/Jul/2018:05:59:45 +0000] "PUT /posts/5b482aa6c66d4d4a84296d89 HTTP/1.1" 303 27
::1 - - [13/Jul/2018:05:59:46 +0000] "GET / HTTP/1.1" 200 2030
::1 - - [13/Jul/2018:06:00:16 +0000] "GET /users/logout HTTP/1.1" 302 68
::1 - - [13/Jul/2018:06:00:16 +0000] "GET /users/login HTTP/1.1" 200 1741
::1 - - [13/Jul/2018:06:00:21 +0000] "POST /users/login HTTP/1.1" 302 46
::1 - - [13/Jul/2018:06:00:22 +0000] "GET / HTTP/1.1" 200 2026
::1 - - [13/Jul/2018:06:00:25 +0000] "GET /posts/5b482aa6c66d4d4a84296d89 HTTP/1.1" 200 1745
::1 - - [13/Jul/2018:06:00:29 +0000] "PUT /posts/5b482aa6c66d4d4a84296d89 HTTP/1.1" 303 27
::1 - - [13/Jul/2018:06:00:30 +0000] "GET / HTTP/1.1" 200 2031
::1 - - [13/Jul/2018:06:00:31 +0000] "GET / HTTP/1.1" 200 1952
::1 - - [13/Jul/2018:06:01:35 +0000] "GET / HTTP/1.1" 200 1756
::1 - - [13/Jul/2018:06:01:38 +0000] "GET /users/login HTTP/1.1" 200 1650
::1 - - [13/Jul/2018:06:01:40 +0000] "GET / HTTP/1.1" 304 -
::1 - - [13/Jul/2018:06:34:01 +0000] "GET /users/login HTTP/1.1" 304 -
::1 - - [13/Jul/2018:06:34:07 +0000] "POST /users/login HTTP/1.1" 302 46
::1 - - [13/Jul/2018:06:34:08 +0000] "GET / HTTP/1.1" 200 2027
::1 - - [13/Jul/2018:06:34:12 +0000] "GET /posts HTTP/1.1" 200 1766
::1 - - [13/Jul/2018:06:34:23 +0000] "POST /posts HTTP/1.1" 200 1890
::1 - - [13/Jul/2018:06:34:31 +0000] "POST /posts HTTP/1.1" 200 1890
::1 - - [13/Jul/2018:06:35:18 +0000] "GET /users/login HTTP/1.1" 200 1650
::1 - - [13/Jul/2018:06:35:22 +0000] "POST /users/login HTTP/1.1" 302 46
::1 - - [13/Jul/2018:06:35:23 +0000] "GET / HTTP/1.1" 304 -
::1 - - [13/Jul/2018:06:35:26 +0000] "GET /posts HTTP/1.1" 200 1766
::1 - - [13/Jul/2018:06:35:31 +0000] "POST /posts HTTP/1.1" 200 1890
::ffff:127.0.0.1 - - [13/Jul/2018:06:36:01 +0000] "GET / HTTP/1.1" - -
::ffff:127.0.0.1 - - [13/Jul/2018:06:36:04 +0000] "GET / HTTP/1.1" 200 1756
::1 - - [13/Jul/2018:06:36:06 +0000] "GET /users/login HTTP/1.1" 200 1650
::ffff:127.0.0.1 - - [13/Jul/2018:06:36:10 +0000] "POST /users/login HTTP/1.1" 302 46
::ffff:127.0.0.1 - - [13/Jul/2018:06:36:11 +0000] "GET / HTTP/1.1" 200 2027
::1 - - [13/Jul/2018:06:36:13 +0000] "GET /posts/5b482aa6c66d4d4a84296d89 HTTP/1.1" 200 1746
::ffff:127.0.0.1 - - [13/Jul/2018:06:36:17 +0000] "PUT /posts/5b482aa6c66d4d4a84296d89 HTTP/1.1" 303 27
::ffff:127.0.0.1 - - [13/Jul/2018:06:36:17 +0000] "GET / HTTP/1.1" 200 2030
::ffff:127.0.0.1 - - [13/Jul/2018:06:36:18 +0000] "GET / HTTP/1.1" 200 1951
::1 - - [13/Jul/2018:07:12:21 +0000] "GET / HTTP/1.1" 200 1755
::1 - - [13/Jul/2018:07:12:23 +0000] "GET /users/login HTTP/1.1" 200 1650
::1 - - [13/Jul/2018:07:12:28 +0000] "POST /users/login HTTP/1.1" 302 46
::1 - - [13/Jul/2018:07:12:29 +0000] "GET / HTTP/1.1" 200 2026
::1 - - [13/Jul/2018:07:12:36 +0000] "GET /posts HTTP/1.1" 200 1766
::1 - - [13/Jul/2018:07:12:42 +0000] "POST /posts HTTP/1.1" 500 1532
::1 - - [13/Jul/2018:07:19:37 +0000] "GET / HTTP/1.1" 200 1755
::1 - - [13/Jul/2018:07:19:40 +0000] "GET /users/login HTTP/1.1" 200 1650
::1 - - [13/Jul/2018:07:19:44 +0000] "POST /users/login HTTP/1.1" 302 46
::1 - - [13/Jul/2018:07:19:45 +0000] "GET / HTTP/1.1" 200 2026
::1 - - [13/Jul/2018:07:19:47 +0000] "GET /posts/5b482aa6c66d4d4a84296d89 HTTP/1.1" 200 1745
::1 - - [13/Jul/2018:07:19:52 +0000] "GET /posts HTTP/1.1" 304 -
::1 - - [13/Jul/2018:07:19:57 +0000] "POST /posts HTTP/1.1" 200 1890
::1 - - [13/Jul/2018:07:23:27 +0000] "GET /users/login HTTP/1.1" 200 1650
::1 - - [13/Jul/2018:07:23:32 +0000] "POST /users/login HTTP/1.1" 302 46
::1 - - [13/Jul/2018:07:23:33 +0000] "GET / HTTP/1.1" 304 -
::1 - - [13/Jul/2018:07:23:37 +0000] "GET /posts HTTP/1.1" 200 1766
::1 - - [13/Jul/2018:07:24:17 +0000] "POST /posts HTTP/1.1" 200 1890
::1 - - [13/Jul/2018:07:26:55 +0000] "GET /users/login HTTP/1.1" 200 1650
::1 - - [13/Jul/2018:07:27:02 +0000] "POST /users/login HTTP/1.1" 302 46
::1 - - [13/Jul/2018:07:27:04 +0000] "GET / HTTP/1.1" 304 -
::1 - - [13/Jul/2018:07:27:07 +0000] "GET /posts HTTP/1.1" 200 1766
::1 - - [13/Jul/2018:07:28:21 +0000] "GET / HTTP/1.1" 200 1755
::1 - - [13/Jul/2018:07:28:23 +0000] "GET /users/login HTTP/1.1" 200 1650
::1 - - [13/Jul/2018:07:28:27 +0000] "POST /users/login HTTP/1.1" 302 46
::1 - - [13/Jul/2018:07:28:28 +0000] "GET / HTTP/1.1" 200 2026
::1 - - [13/Jul/2018:07:28:31 +0000] "GET /posts HTTP/1.1" 304 -
::1 - - [13/Jul/2018:07:28:36 +0000] "POST /posts HTTP/1.1" 302 46
::1 - - [13/Jul/2018:07:28:37 +0000] "GET / HTTP/1.1" 200 2397
::1 - - [13/Jul/2018:07:34:51 +0000] "GET /users/logout HTTP/1.1" 302 68
::1 - - [13/Jul/2018:07:34:52 +0000] "GET /users/login HTTP/1.1" 200 1741
::1 - - [13/Jul/2018:07:34:58 +0000] "POST /users/login HTTP/1.1" 302 46
::1 - - [13/Jul/2018:07:34:59 +0000] "GET / HTTP/1.1" 200 2395
::1 - - [13/Jul/2018:07:35:01 +0000] "GET /posts HTTP/1.1" 200 1766
::1 - - [13/Jul/2018:07:35:54 +0000] "GET / HTTP/1.1" 200 1920
::1 - - [13/Jul/2018:07:35:56 +0000] "GET /login HTTP/1.1" 404 26
::1 - - [13/Jul/2018:07:36:03 +0000] "GET /users/login HTTP/1.1" 200 1650
::1 - - [13/Jul/2018:07:36:08 +0000] "POST /users/login HTTP/1.1" 302 46
::1 - - [13/Jul/2018:07:36:15 +0000] "GET /users/login HTTP/1.1" 200 1717
::1 - - [13/Jul/2018:07:36:20 +0000] "POST /users/login HTTP/1.1" 302 46
::1 - - [13/Jul/2018:07:36:20 +0000] "GET / HTTP/1.1" 200 2395
::1 - - [13/Jul/2018:07:36:24 +0000] "DELETE /posts/5b4854a4bbb362422c701b8f HTTP/1.1" 303 27
::1 - - [13/Jul/2018:07:36:25 +0000] "GET / HTTP/1.1" 200 2030
::1 - - [13/Jul/2018:07:36:28 +0000] "GET / HTTP/1.1" 200 1951
::1 - - [13/Jul/2018:07:36:32 +0000] "GET /posts HTTP/1.1" 304 -
::1 - - [13/Jul/2018:07:42:02 +0000] "GET /posts HTTP/1.1" 302 68
::1 - - [13/Jul/2018:07:42:03 +0000] "GET /users/login HTTP/1.1" 200 1728
::1 - - [13/Jul/2018:07:42:08 +0000] "POST /users/login HTTP/1.1" 302 46
::1 - - [13/Jul/2018:07:42:09 +0000] "GET / HTTP/1.1" 200 2026
::1 - - [13/Jul/2018:07:42:11 +0000] "GET /posts HTTP/1.1" 200 1766
::1 - - [13/Jul/2018:07:42:17 +0000] "POST /posts HTTP/1.1" 302 46
::1 - - [13/Jul/2018:07:42:18 +0000] "GET / HTTP/1.1" 200 2397
::1 - - [13/Jul/2018:07:47:58 +0000] "GET /users/logout HTTP/1.1" 302 68
::1 - - [13/Jul/2018:07:47:59 +0000] "GET /users/login HTTP/1.1" 200 1741
::1 - - [13/Jul/2018:07:48:03 +0000] "POST /users/login HTTP/1.1" 302 46
::1 - - [13/Jul/2018:07:48:03 +0000] "GET / HTTP/1.1" 200 2395
::1 - - [13/Jul/2018:07:48:06 +0000] "GET /posts HTTP/1.1" 200 1766
::1 - - [13/Jul/2018:07:51:18 +0000] "GET /posts HTTP/1.1" 302 68
::1 - - [13/Jul/2018:07:51:19 +0000] "GET /users/login HTTP/1.1" 200 1728
::1 - - [13/Jul/2018:07:51:24 +0000] "POST /users/login HTTP/1.1" 302 46
::1 - - [13/Jul/2018:07:51:24 +0000] "GET / HTTP/1.1" 304 -
::1 - - [13/Jul/2018:07:51:27 +0000] "GET /posts HTTP/1.1" 200 1766
::1 - - [13/Jul/2018:07:56:27 +0000] "GET /posts HTTP/1.1" 302 68
::1 - - [13/Jul/2018:07:56:27 +0000] "GET /users/login HTTP/1.1" 200 1728
::1 - - [13/Jul/2018:07:56:32 +0000] "POST /users/login HTTP/1.1" 302 46
::1 - - [13/Jul/2018:07:56:33 +0000] "GET / HTTP/1.1" 304 -
::1 - - [13/Jul/2018:07:56:35 +0000] "GET /posts HTTP/1.1" 200 1766
::1 - - [13/Jul/2018:07:57:54 +0000] "GET /posts HTTP/1.1" 302 68
::1 - - [13/Jul/2018:07:57:55 +0000] "GET /users/login HTTP/1.1" 200 1728
::1 - - [13/Jul/2018:07:57:59 +0000] "POST /users/login HTTP/1.1" 302 46
::1 - - [13/Jul/2018:07:58:00 +0000] "GET / HTTP/1.1" 304 -
::1 - - [13/Jul/2018:07:58:02 +0000] "GET /posts HTTP/1.1" 200 1766
::1 - - [13/Jul/2018:07:59:23 +0000] "GET /posts HTTP/1.1" 302 68
::1 - - [13/Jul/2018:07:59:24 +0000] "GET /users/login HTTP/1.1" 200 1728
::1 - - [13/Jul/2018:07:59:28 +0000] "POST /users/login HTTP/1.1" 302 46
::1 - - [13/Jul/2018:07:59:29 +0000] "GET / HTTP/1.1" 304 -
::1 - - [13/Jul/2018:07:59:31 +0000] "GET /posts HTTP/1.1" 200 1766
::1 - - [13/Jul/2018:07:59:37 +0000] "POST /posts HTTP/1.1" 302 46
::1 - - [13/Jul/2018:07:59:37 +0000] "GET / HTTP/1.1" 200 2764
::1 - - [13/Jul/2018:08:04:26 +0000] "GET /users/logout HTTP/1.1" 302 68
::1 - - [13/Jul/2018:08:04:26 +0000] "GET /users/login HTTP/1.1" 200 1741
::1 - - [13/Jul/2018:08:04:31 +0000] "POST /users/login HTTP/1.1" 302 46
::1 - - [13/Jul/2018:08:04:31 +0000] "GET / HTTP/1.1" 200 2393
::1 - - [13/Jul/2018:08:04:37 +0000] "GET /posts HTTP/1.1" 200 1766
::1 - - [13/Jul/2018:08:04:49 +0000] "POST /posts HTTP/1.1" 302 46
::1 - - [13/Jul/2018:08:04:50 +0000] "GET / HTTP/1.1" 200 2764
::1 - - [13/Jul/2018:08:10:55 +0000] "GET /posts HTTP/1.1" 302 68
::1 - - [13/Jul/2018:08:10:56 +0000] "GET /users/login HTTP/1.1" 200 1728
::1 - - [13/Jul/2018:08:11:00 +0000] "POST /users/login HTTP/1.1" 302 46
::1 - - [13/Jul/2018:08:11:01 +0000] "GET / HTTP/1.1" 200 3084
::1 - - [13/Jul/2018:08:11:01 +0000] "GET /undefined HTTP/1.1" 404 26
::1 - - [13/Jul/2018:08:11:02 +0000] "GET /public/uploads/image-1531468776704.jpg HTTP/1.1" 404 26
::1 - - [13/Jul/2018:08:11:02 +0000] "GET /public/uploads/image-1531469089089.jpg HTTP/1.1" 404 26
::1 - - [13/Jul/2018:08:12:04 +0000] "GET / HTTP/1.1" 200 2275
::1 - - [13/Jul/2018:08:12:04 +0000] "GET /public/uploads/image-1531468776704.jpg HTTP/1.1" 404 26
::1 - - [13/Jul/2018:08:12:04 +0000] "GET /public/uploads/image-1531469089089.jpg HTTP/1.1" 404 26
::1 - - [13/Jul/2018:08:12:21 +0000] "GET / HTTP/1.1" 200 2271
::1 - - [13/Jul/2018:08:12:21 +0000] "GET /public/uploads/image-1531468776704.jpg HTTP/1.1" 404 26
::1 - - [13/Jul/2018:08:12:21 +0000] "GET /public/uploads/image-1531469089089.jpg HTTP/1.1" 404 26
::1 - - [13/Jul/2018:08:12:28 +0000] "GET / HTTP/1.1" 304 -
::1 - - [13/Jul/2018:08:12:28 +0000] "GET /public/uploads/image-1531468776704.jpg HTTP/1.1" 404 26
::1 - - [13/Jul/2018:08:12:28 +0000] "GET /public/uploads/image-1531469089089.jpg HTTP/1.1" 404 26
::1 - - [13/Jul/2018:08:13:57 +0000] "GET / HTTP/1.1" 200 2285
::1 - - [13/Jul/2018:08:13:57 +0000] "GET /public/uploads/image-1531468776704.jpg HTTP/1.1" 404 26
::1 - - [13/Jul/2018:08:13:57 +0000] "GET /public/uploads/image-1531469089089.jpg HTTP/1.1" 404 26
::1 - - [13/Jul/2018:08:16:02 +0000] "GET / HTTP/1.1" 200 2271
::1 - - [13/Jul/2018:08:16:02 +0000] "GET /public/uploads/image-1531468776704.jpg HTTP/1.1" 404 26
::1 - - [13/Jul/2018:08:16:20 +0000] "GET / HTTP/1.1" 200 2265
::1 - - [13/Jul/2018:08:16:20 +0000] "GET /public/uploads/image-1531468776704.jpg HTTP/1.1" 404 26
::1 - - [13/Jul/2018:08:16:52 +0000] "GET /public/uploads/image-1531468776704.jpg HTTP/1.1" 404 26
::1 - - [13/Jul/2018:08:17:32 +0000] "GET /public/uploads/image-1531468776704.jpg HTTP/1.1" 404 26
::1 - - [13/Jul/2018:08:17:38 +0000] "GET / HTTP/1.1" 200 2251
::1 - - [13/Jul/2018:08:22:22 +0000] "GET /users/login HTTP/1.1" 200 1650
::1 - - [13/Jul/2018:08:22:26 +0000] "POST /users/login HTTP/1.1" 302 46
::1 - - [13/Jul/2018:08:22:27 +0000] "GET / HTTP/1.1" 200 2930
::1 - - [13/Jul/2018:08:22:31 +0000] "GET /posts HTTP/1.1" 200 1766
::1 - - [13/Jul/2018:08:22:36 +0000] "POST /posts HTTP/1.1" 302 46
::1 - - [13/Jul/2018:08:22:37 +0000] "GET / HTTP/1.1" 200 3382
::1 - - [13/Jul/2018:08:23:51 +0000] "GET / HTTP/1.1" 200 2001
::1 - - [13/Jul/2018:08:32:54 +0000] "GET /users/login HTTP/1.1" 200 1650
::1 - - [13/Jul/2018:08:32:59 +0000] "POST /users/login HTTP/1.1" 302 46
::1 - - [13/Jul/2018:08:32:59 +0000] "GET / HTTP/1.1" 200 2476
::1 - - [13/Jul/2018:08:33:03 +0000] "GET /posts/5b48614ca133e409a899b640 HTTP/1.1" 200 1927
::1 - - [13/Jul/2018:08:33:04 +0000] "GET /posts/uploads/image-1531470156186.jpg HTTP/1.1" 404 26
::1 - - [13/Jul/2018:08:39:16 +0000] "GET /users/logout HTTP/1.1" 302 68
::1 - - [13/Jul/2018:08:39:17 +0000] "GET /users/login HTTP/1.1" 200 1741
::1 - - [13/Jul/2018:08:39:21 +0000] "POST /users/login HTTP/1.1" 302 46
::1 - - [13/Jul/2018:08:39:22 +0000] "GET / HTTP/1.1" 304 -
::1 - - [13/Jul/2018:08:39:26 +0000] "GET /posts/5b48614ca133e409a899b640 HTTP/1.1" 304 -
::1 - - [13/Jul/2018:08:39:27 +0000] "GET /posts/uploads/image-1531470156186.jpg HTTP/1.1" 404 26
::1 - - [13/Jul/2018:08:40:41 +0000] "GET /posts/5b48614ca133e409a899b640 HTTP/1.1" 302 68
::1 - - [13/Jul/2018:08:40:42 +0000] "GET /users/login HTTP/1.1" 200 1728
::1 - - [13/Jul/2018:08:40:46 +0000] "POST /users/login HTTP/1.1" 302 46
::1 - - [13/Jul/2018:08:40:47 +0000] "GET / HTTP/1.1" 304 -
::1 - - [13/Jul/2018:08:40:52 +0000] "GET /posts/5b48614ca133e409a899b640 HTTP/1.1" 200 1903
::1 - - [13/Jul/2018:08:40:52 +0000] "GET /posts/uploads/image-1531470156186.jpg HTTP/1.1" 404 26
::1 - - [13/Jul/2018:08:41:55 +0000] "GET /posts/5b48614ca133e409a899b640 HTTP/1.1" 302 68
::1 - - [13/Jul/2018:08:41:56 +0000] "GET /users/login HTTP/1.1" 200 1728
::1 - - [13/Jul/2018:08:42:00 +0000] "POST /users/login HTTP/1.1" 302 46
::1 - - [13/Jul/2018:08:42:02 +0000] "GET / HTTP/1.1" 304 -
::1 - - [13/Jul/2018:08:42:05 +0000] "GET /posts/5b48614ca133e409a899b640 HTTP/1.1" 200 1911
::1 - - [13/Jul/2018:08:42:05 +0000] "GET /public/uploads/image-1531470156186.jpg HTTP/1.1" 404 26
::1 - - [13/Jul/2018:08:42:35 +0000] "GET /users/logout HTTP/1.1" 302 68
::1 - - [13/Jul/2018:08:42:35 +0000] "GET /users/login HTTP/1.1" 200 1741
::1 - - [13/Jul/2018:08:42:40 +0000] "POST /users/login HTTP/1.1" 302 46
::1 - - [13/Jul/2018:08:42:42 +0000] "GET / HTTP/1.1" 304 -
::1 - - [13/Jul/2018:08:42:45 +0000] "GET /posts/5b48614ca133e409a899b640 HTTP/1.1" 200 1913
::1 - - [13/Jul/2018:08:42:46 +0000] "GET /public/uploads/image-1531470156186.jpg HTTP/1.1" 404 26
::1 - - [13/Jul/2018:08:44:57 +0000] "GET /posts/5b48614ca133e409a899b640 HTTP/1.1" 302 68
::1 - - [13/Jul/2018:08:44:58 +0000] "GET /users/login HTTP/1.1" 200 1728
::1 - - [13/Jul/2018:08:45:03 +0000] "POST /users/login HTTP/1.1" 302 46
::1 - - [13/Jul/2018:08:45:03 +0000] "GET / HTTP/1.1" 304 -
::1 - - [13/Jul/2018:08:45:06 +0000] "GET /posts/5b48614ca133e409a899b640 HTTP/1.1" 200 1843
::1 - - [13/Jul/2018:08:49:13 +0000] "GET /posts/5b48614ca133e409a899b640 HTTP/1.1" 302 68
::1 - - [13/Jul/2018:08:49:14 +0000] "GET /users/login HTTP/1.1" 200 1728
::1 - - [13/Jul/2018:08:49:18 +0000] "POST /users/login HTTP/1.1" 302 46
::1 - - [13/Jul/2018:08:49:19 +0000] "GET / HTTP/1.1" 304 -
::1 - - [13/Jul/2018:08:49:21 +0000] "GET /posts/5b48614ca133e409a899b640 HTTP/1.1" 200 1843
::1 - - [13/Jul/2018:08:49:43 +0000] "GET /users/logout HTTP/1.1" 302 68
::1 - - [13/Jul/2018:08:49:44 +0000] "GET /users/login HTTP/1.1" 200 1741
::1 - - [13/Jul/2018:08:49:48 +0000] "POST /users/login HTTP/1.1" 302 46
::1 - - [13/Jul/2018:08:49:50 +0000] "GET / HTTP/1.1" 304 -
::1 - - [13/Jul/2018:08:49:52 +0000] "GET /posts/5b48614ca133e409a899b640 HTTP/1.1" 304 -
::1 - - [13/Jul/2018:08:49:56 +0000] "PUT /posts/5b48614ca133e409a899b640 HTTP/1.1" 303 27
::1 - - [13/Jul/2018:08:49:57 +0000] "GET / HTTP/1.1" 200 2434
::1 - - [13/Jul/2018:08:49:57 +0000] "GET / HTTP/1.1" 200 2355
::1 - - [13/Jul/2018:08:53:07 +0000] "GET / HTTP/1.1" 200 1955
::1 - - [13/Jul/2018:08:53:09 +0000] "GET /users/login HTTP/1.1" 200 1650
::1 - - [13/Jul/2018:08:53:13 +0000] "POST /users/login HTTP/1.1" 302 46
::1 - - [13/Jul/2018:08:53:13 +0000] "GET / HTTP/1.1" 200 2430
::1 - - [13/Jul/2018:08:53:15 +0000] "GET /posts/5b48614ca133e409a899b640 HTTP/1.1" 200 1826
::1 - - [13/Jul/2018:08:53:21 +0000] "PUT /posts/5b48614ca133e409a899b640 HTTP/1.1" 303 27
::1 - - [13/Jul/2018:08:53:22 +0000] "GET / HTTP/1.1" 200 2434
::1 - - [13/Jul/2018:08:53:22 +0000] "GET / HTTP/1.1" 200 2355
::1 - - [13/Jul/2018:09:24:24 +0000] "GET /users/logout HTTP/1.1" 302 68
::1 - - [13/Jul/2018:09:24:25 +0000] "GET /users/login HTTP/1.1" 200 1741
::1 - - [13/Jul/2018:09:24:28 +0000] "POST /users/login HTTP/1.1" 302 46
::1 - - [13/Jul/2018:09:24:29 +0000] "GET / HTTP/1.1" 200 2430
::1 - - [13/Jul/2018:09:24:49 +0000] "GET /posts/5b48614ca133e409a899b640 HTTP/1.1" 200 1826
::1 - - [13/Jul/2018:09:26:54 +0000] "PUT /posts/5b48614ca133e409a899b640 HTTP/1.1" - -
::1 - - [13/Jul/2018:09:27:53 +0000] "GET /posts/5b48614ca133e409a899b640 HTTP/1.1" 302 68
::1 - - [13/Jul/2018:09:27:54 +0000] "GET /users/login HTTP/1.1" 200 1728
::1 - - [13/Jul/2018:09:27:58 +0000] "POST /users/login HTTP/1.1" 302 46
::1 - - [13/Jul/2018:09:27:58 +0000] "GET / HTTP/1.1" 304 -
::1 - - [13/Jul/2018:09:28:01 +0000] "GET /posts/5b48614ca133e409a899b640 HTTP/1.1" 200 1826
::1 - - [13/Jul/2018:09:28:19 +0000] "GET /posts/5b48614ca133e409a899b640 HTTP/1.1" 302 68
::1 - - [13/Jul/2018:09:28:20 +0000] "GET /users/login HTTP/1.1" 200 1728
::1 - - [13/Jul/2018:09:28:24 +0000] "POST /users/login HTTP/1.1" 302 46
::1 - - [13/Jul/2018:09:28:26 +0000] "GET / HTTP/1.1" 304 -
::1 - - [13/Jul/2018:09:28:29 +0000] "GET /posts/5b48614ca133e409a899b640 HTTP/1.1" 200 1826
::1 - - [13/Jul/2018:09:30:34 +0000] "PUT /posts/5b48614ca133e409a899b640 HTTP/1.1" - -
::1 - - [13/Jul/2018:09:31:35 +0000] "GET /posts/5b48614ca133e409a899b640 HTTP/1.1" 302 68
::1 - - [13/Jul/2018:09:31:36 +0000] "GET /users/login HTTP/1.1" 200 1728
::1 - - [13/Jul/2018:09:31:39 +0000] "POST /users/login HTTP/1.1" 302 46
::1 - - [13/Jul/2018:09:31:40 +0000] "GET / HTTP/1.1" 304 -
::1 - - [13/Jul/2018:09:31:43 +0000] "GET /posts/5b48614ca133e409a899b640 HTTP/1.1" 200 1826
::1 - - [13/Jul/2018:09:33:48 +0000] "PUT /posts/5b48614ca133e409a899b640 HTTP/1.1" - -
::1 - - [13/Jul/2018:09:35:02 +0000] "GET /posts/5b48614ca133e409a899b640 HTTP/1.1" 302 68
::1 - - [13/Jul/2018:09:35:03 +0000] "GET /users/login HTTP/1.1" 200 1728
::1 - - [13/Jul/2018:09:35:07 +0000] "POST /users/login HTTP/1.1" 302 46
::1 - - [13/Jul/2018:09:35:07 +0000] "GET / HTTP/1.1" 304 -
::1 - - [13/Jul/2018:09:35:15 +0000] "GET /posts/5b48614ca133e409a899b640 HTTP/1.1" 200 1826
::1 - - [13/Jul/2018:09:36:31 +0000] "GET /posts/5b48614ca133e409a899b640 HTTP/1.1" 302 68
::1 - - [13/Jul/2018:09:36:32 +0000] "GET /users/login HTTP/1.1" 200 1728
::1 - - [13/Jul/2018:09:36:37 +0000] "POST /users/login HTTP/1.1" 302 46
::1 - - [13/Jul/2018:09:36:39 +0000] "GET / HTTP/1.1" 304 -
::1 - - [13/Jul/2018:09:36:41 +0000] "GET /posts/5b48614ca133e409a899b640 HTTP/1.1" 200 1826
::1 - - [13/Jul/2018:09:38:23 +0000] "GET /posts/5b48614ca133e409a899b640 HTTP/1.1" 302 68
::1 - - [13/Jul/2018:09:38:24 +0000] "GET /users/login HTTP/1.1" 200 1728
::1 - - [13/Jul/2018:09:38:27 +0000] "POST /users/login HTTP/1.1" 302 46
::1 - - [13/Jul/2018:09:38:28 +0000] "GET / HTTP/1.1" 304 -
::1 - - [13/Jul/2018:09:38:30 +0000] "GET /posts/5b48614ca133e409a899b640 HTTP/1.1" 200 1826
::1 - - [13/Jul/2018:09:40:35 +0000] "PUT /posts/5b48614ca133e409a899b640 HTTP/1.1" - -
